#
# There is insufficient memory for the Java Runtime Environment to continue.
# Native memory allocation (malloc) failed to allocate 1878816 bytes for Chunk::new
# Possible reasons:
#   The system is out of physical RAM or swap space
#   The process is running with CompressedOops enabled, and the Java Heap may be blocking the growth of the native heap
# Possible solutions:
#   Reduce memory load on the system
#   Increase physical memory or swap space
#   Check if swap backing store is full
#   Decrease Java heap size (-Xmx/-Xms)
#   Decrease number of Java threads
#   Decrease Java thread stack sizes (-Xss)
#   Set larger code cache with -XX:ReservedCodeCacheSize=
#   JVM is running with Zero Based Compressed Oops mode in which the Java heap is
#     placed in the first 32GB address space. The Java Heap base address is the
#     maximum limit for the native heap growth. Please use -XX:HeapBaseMinAddress
#     to set the Java Heap base and to place the Java Heap above 32GB virtual address.
# This output file may be truncated or incomplete.
#
#  Out of Memory Error (arena.cpp:189), pid=15396, tid=4228
#
# JRE version: Java(TM) SE Runtime Environment (17.0.12+8) (build 17.0.12+8-LTS-286)
# Java VM: Java HotSpot(TM) 64-Bit Server VM (17.0.12+8-LTS-286, mixed mode, sharing, tiered, compressed oops, compressed class ptrs, g1 gc, windows-amd64)
# No core dump will be written. Minidumps are not enabled by default on client versions of Windows
#

---------------  S U M M A R Y ------------

Command Line: -XX:MaxMetaspaceSize=1g -XX:+HeapDumpOnOutOfMemoryError --add-opens=java.base/java.util=ALL-UNNAMED --add-opens=java.base/java.lang=ALL-UNNAMED --add-opens=java.base/java.lang.invoke=ALL-UNNAMED --add-opens=java.prefs/java.util.prefs=ALL-UNNAMED --add-exports=jdk.compiler/com.sun.tools.javac.api=ALL-UNNAMED --add-exports=jdk.compiler/com.sun.tools.javac.util=ALL-UNNAMED --add-opens=java.base/java.nio.charset=ALL-UNNAMED --add-opens=java.base/java.net=ALL-UNNAMED --add-opens=java.base/java.util.concurrent.atomic=ALL-UNNAMED -Xmx4g -Dfile.encoding=UTF-8 -Duser.country=IN -Duser.language=en -Duser.variant -javaagent:C:\Users\pande\.gradle\wrapper\dists\gradle-8.10.2-all\7iv73wktx1xtkvlq19urqw1wm\gradle-8.10.2\lib\agents\gradle-instrumentation-agent-8.10.2.jar org.gradle.launcher.daemon.bootstrap.GradleDaemon 8.10.2

Host: AMD Ryzen 5 5500U with Radeon Graphics         , 12 cores, 7G,  Windows 11 , 64 bit Build 26100 (10.0.26100.4484)
Time: Thu Jul 31 19:54:27 2025 India Standard Time elapsed time: 48.698925 seconds (0d 0h 0m 48s)

---------------  T H R E A D  ---------------

Current thread (0x000001f6f728a6b0):  JavaThread "C2 CompilerThread1" daemon [_thread_in_native, id=4228, stack(0x00000077bfb00000,0x00000077bfc00000)]


Current CompileTask:
C2:  48699 16693       4       org.gradle.internal.metaobject.BeanDynamicObject::tryGetProperty (9 bytes)

Stack: [0x00000077bfb00000,0x00000077bfc00000]
Native frames: (J=compiled Java code, j=interpreted, Vv=VM code, C=native code)
V  [jvm.dll+0x67a04a]
V  [jvm.dll+0x7da4ed]
V  [jvm.dll+0x7dbe33]
V  [jvm.dll+0x7dc4a3]
V  [jvm.dll+0x24508f]
V  [jvm.dll+0xab773]
V  [jvm.dll+0xabd3c]
V  [jvm.dll+0x361bee]
V  [jvm.dll+0x32c431]
V  [jvm.dll+0x32b8ca]
V  [jvm.dll+0x21683f]
V  [jvm.dll+0x215c6f]
V  [jvm.dll+0x1a2960]
V  [jvm.dll+0x22610b]
V  [jvm.dll+0x2242ab]
V  [jvm.dll+0x79075c]
V  [jvm.dll+0x78abea]
V  [jvm.dll+0x678f35]
C  [ucrtbase.dll+0x37b0]
C  [KERNEL32.DLL+0x2e8d7]
C  [ntdll.dll+0x3c34c]


---------------  P R O C E S S  ---------------

Threads class SMR info:
_java_thread_list=0x000001f6f09b1e20, length=197, elements={
0x000001f68ea92b50, 0x000001f6b1cd9260, 0x000001f6b1cd9b30, 0x000001f6b1d07440,
0x000001f6b1d07d10, 0x000001f6b1d085e0, 0x000001f6b1d08eb0, 0x000001f6b1d0a4d0,
0x000001f6b1d0bdf0, 0x000001f6b1d27f00, 0x000001f6eb0a0360, 0x000001f6eb22d8b0,
0x000001f6ed064370, 0x000001f6ece155e0, 0x000001f6ed0cf320, 0x000001f6ec58d4e0,
0x000001f6ecfe64c0, 0x000001f6ecfe5590, 0x000001f6ecfe5fb0, 0x000001f6ecfe69d0,
0x000001f6ecfe8320, 0x000001f6ecfe73f0, 0x000001f6ecfe7900, 0x000001f6ecfe6ee0,
0x000001f6ecfe5aa0, 0x000001f6ecfe7e10, 0x000001f6ecfe8830, 0x000001f6ecfe5080,
0x000001f6eda64140, 0x000001f6eda64b60, 0x000001f6eda63c30, 0x000001f6eda622e0,
0x000001f6eda62d00, 0x000001f6eda64650, 0x000001f6eda65fa0, 0x000001f6eda65070,
0x000001f6eda664b0, 0x000001f6eda669c0, 0x000001f6eda65580, 0x000001f6eda65a90,
0x000001f6eda63210, 0x000001f6eda63720, 0x000001f6eda673e0, 0x000001f6eda69240,
0x000001f6eda68820, 0x000001f6eda69750, 0x000001f6eda678f0, 0x000001f6eda68310,
0x000001f6eda67e00, 0x000001f6eda68d30, 0x000001f6eda69c60, 0x000001f6efbe41a0,
0x000001f6efbe7440, 0x000001f6efbe5af0, 0x000001f6efbe6000, 0x000001f6efbe6510,
0x000001f6efbe50d0, 0x000001f6efbe46b0, 0x000001f6efbe4bc0, 0x000001f6efbe55e0,
0x000001f6efbe6a20, 0x000001f6efbe6f30, 0x000001f6efbe3c90, 0x000001f6efbe8880,
0x000001f6efbe9cc0, 0x000001f6efbe92a0, 0x000001f6efbe7950, 0x000001f6efbe97b0,
0x000001f6efbe8d90, 0x000001f6efbeb100, 0x000001f6efbeb610, 0x000001f6efbea1d0,
0x000001f6efbea6e0, 0x000001f6efbe7e60, 0x000001f6efbeabf0, 0x000001f6efbe8370,
0x000001f6eb349e70, 0x000001f6eb34b2b0, 0x000001f6eb348f40, 0x000001f6eb349450,
0x000001f6eb34a380, 0x000001f6eb34b7c0, 0x000001f6eb34a890, 0x000001f6eb34ada0,
0x000001f6eb34bcd0, 0x000001f6eb34c1e0, 0x000001f6eb348a30, 0x000001f6eb34f480,
0x000001f6eb34fea0, 0x000001f6eb34f990, 0x000001f6eb34c6f0, 0x000001f6eb34db30,
0x000001f6eb34ea60, 0x000001f6eb3503b0, 0x000001f6eb34cc00, 0x000001f6eb34e040,
0x000001f6eb34ef70, 0x000001f6eb34d110, 0x000001f6eb34d620, 0x000001f6eb34e550,
0x000001f6ec26ab60, 0x000001f6ec26ba90, 0x000001f6ec26b070, 0x000001f6ec26a650,
0x000001f6ec26b580, 0x000001f6ec2682e0, 0x000001f6ec2687f0, 0x000001f6ec26bfa0,
0x000001f6ec26c4b0, 0x000001f6ec268d00, 0x000001f6ec26c9c0, 0x000001f6ec269210,
0x000001f6ec26ced0, 0x000001f6ec269720, 0x000001f6ec26d3e0, 0x000001f6ec269c30,
0x000001f6ec26d8f0, 0x000001f6ec26a140, 0x000001f6ec26e310, 0x000001f6ec26fc60,
0x000001f6ec26de00, 0x000001f6ec26e820, 0x000001f6ec26ed30, 0x000001f6ec26f240,
0x000001f6ec26f750, 0x000001f6ec66df70, 0x000001f6ec66f3b0, 0x000001f6ec66d040,
0x000001f6ec66e990, 0x000001f6ec66cb30, 0x000001f6ec66eea0, 0x000001f6ec66e480,
0x000001f6ec66bc00, 0x000001f6ec66f8c0, 0x000001f6ec66c110, 0x000001f6ec66d550,
0x000001f6ec66da60, 0x000001f6ec671c30, 0x000001f6ec673580, 0x000001f6ec672650,
0x000001f6ec66fdd0, 0x000001f6ec6702e0, 0x000001f6ec671720, 0x000001f6ec6707f0,
0x000001f6ec670d00, 0x000001f6ec671210, 0x000001f6ec673070, 0x000001f6ec672140,
0x000001f6ec672b60, 0x000001f6ee60fd10, 0x000001f6ee612080, 0x000001f6ee611b70,
0x000001f6ee611150, 0x000001f6ee610c40, 0x000001f6ee612590, 0x000001f6ee610220,
0x000001f6ee614900, 0x000001f6ee612fb0, 0x000001f6ee612aa0, 0x000001f6ee613ee0,
0x000001f6ee610730, 0x000001f6ee6134c0, 0x000001f6ee614e10, 0x000001f6ee6143f0,
0x000001f6ee6139d0, 0x000001f6ee611660, 0x000001f6ee616760, 0x000001f6ee615d40,
0x000001f6ee615830, 0x000001f6ee616c70, 0x000001f6ee617180, 0x000001f6ee617690,
0x000001f6f2174b60, 0x000001f6f2175070, 0x000001f6f2174650, 0x000001f6f2175580,
0x000001f6f2175a90, 0x000001f6f21722e0, 0x000001f6f2175fa0, 0x000001f6f21764b0,
0x000001f6f2172d00, 0x000001f6f2173c30, 0x000001f6f21769c0, 0x000001f6f2173210,
0x000001f6f2176ed0, 0x000001f6f2174140, 0x000001f6f2179750, 0x000001f6f2179c60,
0x000001f6f21773e0, 0x000001f6f1f639b0, 0x000001f6f1f62570, 0x000001f6f1f648e0,
0x000001f6f1f65810, 0x000001f6f1f65300, 0x000001f6f1f634a0, 0x000001f6f1f62f90,
0x000001f6f728a6b0
}

Java Threads: ( => current thread )
  0x000001f68ea92b50 JavaThread "main" [_thread_blocked, id=14832, stack(0x00000077bd200000,0x00000077bd300000)]
  0x000001f6b1cd9260 JavaThread "Reference Handler" daemon [_thread_blocked, id=712, stack(0x00000077bd900000,0x00000077bda00000)]
  0x000001f6b1cd9b30 JavaThread "Finalizer" daemon [_thread_blocked, id=22004, stack(0x00000077bda00000,0x00000077bdb00000)]
  0x000001f6b1d07440 JavaThread "Signal Dispatcher" daemon [_thread_blocked, id=21488, stack(0x00000077bdb00000,0x00000077bdc00000)]
  0x000001f6b1d07d10 JavaThread "Attach Listener" daemon [_thread_blocked, id=18832, stack(0x00000077bdc00000,0x00000077bdd00000)]
  0x000001f6b1d085e0 JavaThread "Service Thread" daemon [_thread_blocked, id=20468, stack(0x00000077bdd00000,0x00000077bde00000)]
  0x000001f6b1d08eb0 JavaThread "Monitor Deflation Thread" daemon [_thread_blocked, id=10496, stack(0x00000077bde00000,0x00000077bdf00000)]
  0x000001f6b1d0a4d0 JavaThread "C2 CompilerThread0" daemon [_thread_in_native, id=15836, stack(0x00000077bdf00000,0x00000077be000000)]
  0x000001f6b1d0bdf0 JavaThread "C1 CompilerThread0" daemon [_thread_in_vm, id=10516, stack(0x00000077be000000,0x00000077be100000)]
  0x000001f6b1d27f00 JavaThread "Sweeper thread" daemon [_thread_blocked, id=10292, stack(0x00000077be100000,0x00000077be200000)]
  0x000001f6eb0a0360 JavaThread "Common-Cleaner" daemon [_thread_blocked, id=19688, stack(0x00000077be200000,0x00000077be300000)]
  0x000001f6eb22d8b0 JavaThread "Notification Thread" daemon [_thread_blocked, id=5556, stack(0x00000077be300000,0x00000077be400000)]
  0x000001f6ed064370 JavaThread "Daemon health stats" [_thread_blocked, id=17756, stack(0x00000077be600000,0x00000077be700000)]
  0x000001f6ece155e0 JavaThread "Incoming local TCP Connector on port 49791" [_thread_in_native, id=20328, stack(0x00000077be500000,0x00000077be600000)]
  0x000001f6ed0cf320 JavaThread "Daemon periodic checks" [_thread_blocked, id=21928, stack(0x00000077beb00000,0x00000077bec00000)]
  0x000001f6ec58d4e0 JavaThread "Daemon" [_thread_blocked, id=5592, stack(0x00000077bec00000,0x00000077bed00000)]
  0x000001f6ecfe64c0 JavaThread "Handler for socket connection from /127.0.0.1:49791 to /127.0.0.1:49792" [_thread_in_native, id=5992, stack(0x00000077bed00000,0x00000077bee00000)]
  0x000001f6ecfe5590 JavaThread "Cancel handler" [_thread_blocked, id=6812, stack(0x00000077bee00000,0x00000077bef00000)]
  0x000001f6ecfe5fb0 JavaThread "Daemon worker" [_thread_in_Java, id=3396, stack(0x00000077bef00000,0x00000077bf000000)]
  0x000001f6ecfe69d0 JavaThread "Asynchronous log dispatcher for DefaultDaemonConnection: socket connection from /127.0.0.1:49791 to /127.0.0.1:49792" [_thread_blocked, id=5596, stack(0x00000077bf000000,0x00000077bf100000)]
  0x000001f6ecfe8320 JavaThread "Stdin handler" [_thread_blocked, id=9408, stack(0x00000077bf100000,0x00000077bf200000)]
  0x000001f6ecfe73f0 JavaThread "Daemon client event forwarder" [_thread_blocked, id=11356, stack(0x00000077bf200000,0x00000077bf300000)]
  0x000001f6ecfe7900 JavaThread "Cache worker for journal cache (C:\Users\pande\.gradle\caches\journal-1)" [_thread_blocked, id=12196, stack(0x00000077bf400000,0x00000077bf500000)]
  0x000001f6ecfe6ee0 JavaThread "File lock request listener" [_thread_in_native, id=9080, stack(0x00000077bf500000,0x00000077bf600000)]
  0x000001f6ecfe5aa0 JavaThread "Cache worker for file hash cache (C:\Users\pande\.gradle\caches\8.10.2\fileHashes)" [_thread_blocked, id=2840, stack(0x00000077bf300000,0x00000077bf400000)]
  0x000001f6ecfe7e10 JavaThread "Cache worker for file hash cache (C:\Users\pande\vedaz\vedaz_reactapp\android\.gradle\8.10.2\fileHashes)" [_thread_blocked, id=17912, stack(0x00000077bfc00000,0x00000077bfd00000)]
  0x000001f6ecfe8830 JavaThread "Cache worker for Build Output Cleanup Cache (C:\Users\pande\vedaz\vedaz_reactapp\android\.gradle\buildOutputCleanup)" [_thread_blocked, id=8892, stack(0x00000077bfd00000,0x00000077bfe00000)]
  0x000001f6ecfe5080 JavaThread "File watcher server" daemon [_thread_in_native, id=5196, stack(0x00000077c0000000,0x00000077c0100000)]
  0x000001f6eda64140 JavaThread "File watcher consumer" daemon [_thread_blocked, id=21040, stack(0x00000077c0100000,0x00000077c0200000)]
  0x000001f6eda64b60 JavaThread "Cache worker for checksums cache (C:\Users\pande\vedaz\vedaz_reactapp\android\.gradle\8.10.2\checksums)" [_thread_blocked, id=2296, stack(0x00000077c0200000,0x00000077c0300000)]
  0x000001f6eda63c30 JavaThread "Cache worker for file content cache (C:\Users\pande\.gradle\caches\8.10.2\fileContent)" [_thread_blocked, id=15128, stack(0x00000077c0300000,0x00000077c0400000)]
  0x000001f6eda622e0 JavaThread "Cache worker for cache directory md-rule (C:\Users\pande\.gradle\caches\8.10.2\md-rule)" [_thread_blocked, id=8196, stack(0x00000077c0400000,0x00000077c0500000)]
  0x000001f6eda62d00 JavaThread "Cache worker for cache directory md-supplier (C:\Users\pande\.gradle\caches\8.10.2\md-supplier)" [_thread_blocked, id=11228, stack(0x00000077c0500000,0x00000077c0600000)]
  0x000001f6eda64650 JavaThread "jar transforms" [_thread_blocked, id=1968, stack(0x00000077c0600000,0x00000077c0700000)]
  0x000001f6eda65fa0 JavaThread "Cache worker for Build Output Cleanup Cache (C:\Users\pande\vedaz\vedaz_reactapp\node_modules\@react-native\gradle-plugin\.gradle\buildOutputCleanup)" [_thread_blocked, id=5412, stack(0x00000077c0700000,0x00000077c0800000)]
  0x000001f6eda65070 JavaThread "Unconstrained build operations" [_thread_blocked, id=19888, stack(0x00000077c0800000,0x00000077c0900000)]
  0x000001f6eda664b0 JavaThread "Unconstrained build operations Thread 2" [_thread_blocked, id=17900, stack(0x00000077c0900000,0x00000077c0a00000)]
  0x000001f6eda669c0 JavaThread "Unconstrained build operations Thread 3" [_thread_blocked, id=10832, stack(0x00000077c0a00000,0x00000077c0b00000)]
  0x000001f6eda65580 JavaThread "Unconstrained build operations Thread 4" [_thread_blocked, id=4840, stack(0x00000077c0b00000,0x00000077c0c00000)]
  0x000001f6eda65a90 JavaThread "Unconstrained build operations Thread 5" [_thread_blocked, id=10688, stack(0x00000077c0c00000,0x00000077c0d00000)]
  0x000001f6eda63210 JavaThread "Unconstrained build operations Thread 6" [_thread_blocked, id=6868, stack(0x00000077c0d00000,0x00000077c0e00000)]
  0x000001f6eda63720 JavaThread "Unconstrained build operations Thread 7" [_thread_blocked, id=21436, stack(0x00000077c0f00000,0x00000077c1000000)]
  0x000001f6eda673e0 JavaThread "Unconstrained build operations Thread 8" [_thread_blocked, id=15448, stack(0x00000077c1000000,0x00000077c1100000)]
  0x000001f6eda69240 JavaThread "Unconstrained build operations Thread 9" [_thread_blocked, id=4872, stack(0x00000077c1100000,0x00000077c1200000)]
  0x000001f6eda68820 JavaThread "Unconstrained build operations Thread 10" [_thread_blocked, id=21576, stack(0x00000077c1200000,0x00000077c1300000)]
  0x000001f6eda69750 JavaThread "Unconstrained build operations Thread 11" [_thread_blocked, id=22292, stack(0x00000077c1300000,0x00000077c1400000)]
  0x000001f6eda678f0 JavaThread "Unconstrained build operations Thread 12" [_thread_blocked, id=7716, stack(0x00000077c1400000,0x00000077c1500000)]
  0x000001f6eda68310 JavaThread "Unconstrained build operations Thread 13" [_thread_blocked, id=19388, stack(0x00000077c1500000,0x00000077c1600000)]
  0x000001f6eda67e00 JavaThread "Unconstrained build operations Thread 14" [_thread_blocked, id=8428, stack(0x00000077c1600000,0x00000077c1700000)]
  0x000001f6eda68d30 JavaThread "Unconstrained build operations Thread 15" [_thread_blocked, id=1552, stack(0x00000077c1700000,0x00000077c1800000)]
  0x000001f6eda69c60 JavaThread "Unconstrained build operations Thread 16" [_thread_blocked, id=9500, stack(0x00000077c1800000,0x00000077c1900000)]
  0x000001f6efbe41a0 JavaThread "Unconstrained build operations Thread 17" [_thread_blocked, id=8980, stack(0x00000077c1900000,0x00000077c1a00000)]
  0x000001f6efbe7440 JavaThread "Unconstrained build operations Thread 18" [_thread_blocked, id=17984, stack(0x00000077c1a00000,0x00000077c1b00000)]
  0x000001f6efbe5af0 JavaThread "Unconstrained build operations Thread 19" [_thread_blocked, id=9044, stack(0x00000077c1b00000,0x00000077c1c00000)]
  0x000001f6efbe6000 JavaThread "Unconstrained build operations Thread 20" [_thread_blocked, id=19132, stack(0x00000077c1c00000,0x00000077c1d00000)]
  0x000001f6efbe6510 JavaThread "Unconstrained build operations Thread 21" [_thread_blocked, id=4920, stack(0x00000077c1d00000,0x00000077c1e00000)]
  0x000001f6efbe50d0 JavaThread "Unconstrained build operations Thread 22" [_thread_blocked, id=22056, stack(0x00000077c1e00000,0x00000077c1f00000)]
  0x000001f6efbe46b0 JavaThread "Unconstrained build operations Thread 23" [_thread_blocked, id=3392, stack(0x00000077c1f00000,0x00000077c2000000)]
  0x000001f6efbe4bc0 JavaThread "Unconstrained build operations Thread 24" [_thread_blocked, id=21328, stack(0x00000077c2000000,0x00000077c2100000)]
  0x000001f6efbe55e0 JavaThread "Unconstrained build operations Thread 25" [_thread_blocked, id=1800, stack(0x00000077c2100000,0x00000077c2200000)]
  0x000001f6efbe6a20 JavaThread "Unconstrained build operations Thread 26" [_thread_blocked, id=7160, stack(0x00000077c2200000,0x00000077c2300000)]
  0x000001f6efbe6f30 JavaThread "Unconstrained build operations Thread 27" [_thread_blocked, id=12324, stack(0x00000077c2300000,0x00000077c2400000)]
  0x000001f6efbe3c90 JavaThread "Unconstrained build operations Thread 28" [_thread_blocked, id=15648, stack(0x00000077c2400000,0x00000077c2500000)]
  0x000001f6efbe8880 JavaThread "Unconstrained build operations Thread 29" [_thread_blocked, id=12056, stack(0x00000077c2500000,0x00000077c2600000)]
  0x000001f6efbe9cc0 JavaThread "Unconstrained build operations Thread 30" [_thread_blocked, id=21860, stack(0x00000077c2600000,0x00000077c2700000)]
  0x000001f6efbe92a0 JavaThread "Unconstrained build operations Thread 31" [_thread_blocked, id=20708, stack(0x00000077c2700000,0x00000077c2800000)]
  0x000001f6efbe7950 JavaThread "Unconstrained build operations Thread 32" [_thread_blocked, id=412, stack(0x00000077c2800000,0x00000077c2900000)]
  0x000001f6efbe97b0 JavaThread "Unconstrained build operations Thread 33" [_thread_blocked, id=14780, stack(0x00000077c2900000,0x00000077c2a00000)]
  0x000001f6efbe8d90 JavaThread "Unconstrained build operations Thread 34" [_thread_blocked, id=19064, stack(0x00000077c2a00000,0x00000077c2b00000)]
  0x000001f6efbeb100 JavaThread "Unconstrained build operations Thread 35" [_thread_blocked, id=4376, stack(0x00000077c2b00000,0x00000077c2c00000)]
  0x000001f6efbeb610 JavaThread "Unconstrained build operations Thread 36" [_thread_blocked, id=21512, stack(0x00000077c2c00000,0x00000077c2d00000)]
  0x000001f6efbea1d0 JavaThread "Unconstrained build operations Thread 37" [_thread_blocked, id=7984, stack(0x00000077c2d00000,0x00000077c2e00000)]
  0x000001f6efbea6e0 JavaThread "Unconstrained build operations Thread 38" [_thread_blocked, id=18352, stack(0x00000077c2e00000,0x00000077c2f00000)]
  0x000001f6efbe7e60 JavaThread "Unconstrained build operations Thread 39" [_thread_blocked, id=20484, stack(0x00000077c2f00000,0x00000077c3000000)]
  0x000001f6efbeabf0 JavaThread "Memory manager" [_thread_blocked, id=21560, stack(0x00000077c3000000,0x00000077c3100000)]
  0x000001f6efbe8370 JavaThread "build event listener" [_thread_blocked, id=13580, stack(0x00000077c0e00000,0x00000077c0f00000)]
  0x000001f6eb349e70 JavaThread "ForkJoinPool.commonPool-worker-1" daemon [_thread_blocked, id=3548, stack(0x00000077c3200000,0x00000077c3300000)]
  0x000001f6eb34b2b0 JavaThread "ForkJoinPool.commonPool-worker-2" daemon [_thread_blocked, id=3456, stack(0x00000077c3300000,0x00000077c3400000)]
  0x000001f6eb348f40 JavaThread "ForkJoinPool.commonPool-worker-3" daemon [_thread_blocked, id=19652, stack(0x00000077c3400000,0x00000077c3500000)]
  0x000001f6eb349450 JavaThread "ForkJoinPool.commonPool-worker-4" daemon [_thread_blocked, id=8880, stack(0x00000077c3500000,0x00000077c3600000)]
  0x000001f6eb34a380 JavaThread "ForkJoinPool.commonPool-worker-5" daemon [_thread_blocked, id=21416, stack(0x00000077c3600000,0x00000077c3700000)]
  0x000001f6eb34b7c0 JavaThread "ForkJoinPool.commonPool-worker-6" daemon [_thread_blocked, id=10400, stack(0x00000077c3700000,0x00000077c3800000)]
  0x000001f6eb34a890 JavaThread "ForkJoinPool.commonPool-worker-7" daemon [_thread_blocked, id=16692, stack(0x00000077c3800000,0x00000077c3900000)]
  0x000001f6eb34ada0 JavaThread "ForkJoinPool.commonPool-worker-8" daemon [_thread_blocked, id=3872, stack(0x00000077c3900000,0x00000077c3a00000)]
  0x000001f6eb34bcd0 JavaThread "ForkJoinPool.commonPool-worker-9" daemon [_thread_blocked, id=20076, stack(0x00000077c3a00000,0x00000077c3b00000)]
  0x000001f6eb34c1e0 JavaThread "ForkJoinPool.commonPool-worker-10" daemon [_thread_blocked, id=19380, stack(0x00000077c3b00000,0x00000077c3c00000)]
  0x000001f6eb348a30 JavaThread "Exec process" daemon [_thread_blocked, id=16104, stack(0x00000077c3c00000,0x00000077c3d00000)]
  0x000001f6eb34f480 JavaThread "ForkJoinPool.commonPool-worker-11" daemon [_thread_blocked, id=17728, stack(0x00000077c3d00000,0x00000077c3e00000)]
  0x000001f6eb34fea0 JavaThread "Exec process Thread 2" daemon [_thread_blocked, id=20344, stack(0x00000077c3e00000,0x00000077c3f00000)]
  0x000001f6eb34f990 JavaThread "Exec process Thread 3" daemon [_thread_blocked, id=21628, stack(0x00000077c3f00000,0x00000077c4000000)]
  0x000001f6eb34c6f0 JavaThread "included builds" [_thread_blocked, id=1688, stack(0x00000077c4000000,0x00000077c4100000)]
  0x000001f6eb34db30 JavaThread "Execution worker" [_thread_blocked, id=8464, stack(0x00000077c4100000,0x00000077c4200000)]
  0x000001f6eb34ea60 JavaThread "Execution worker Thread 2" [_thread_blocked, id=12516, stack(0x00000077c4200000,0x00000077c4300000)]
  0x000001f6eb3503b0 JavaThread "Execution worker Thread 3" [_thread_blocked, id=18884, stack(0x00000077c4300000,0x00000077c4400000)]
  0x000001f6eb34cc00 JavaThread "Execution worker Thread 4" [_thread_blocked, id=20332, stack(0x00000077c4400000,0x00000077c4500000)]
  0x000001f6eb34e040 JavaThread "Execution worker Thread 5" [_thread_blocked, id=20376, stack(0x00000077c4500000,0x00000077c4600000)]
  0x000001f6eb34ef70 JavaThread "Execution worker Thread 6" [_thread_blocked, id=21132, stack(0x00000077c4600000,0x00000077c4700000)]
  0x000001f6eb34d110 JavaThread "Execution worker Thread 7" [_thread_blocked, id=7972, stack(0x00000077c4700000,0x00000077c4800000)]
  0x000001f6eb34d620 JavaThread "Execution worker Thread 8" [_thread_blocked, id=18716, stack(0x00000077c4800000,0x00000077c4900000)]
  0x000001f6eb34e550 JavaThread "Execution worker Thread 9" [_thread_blocked, id=21876, stack(0x00000077c4900000,0x00000077c4a00000)]
  0x000001f6ec26ab60 JavaThread "Execution worker Thread 10" [_thread_blocked, id=1668, stack(0x00000077c4a00000,0x00000077c4b00000)]
  0x000001f6ec26ba90 JavaThread "Execution worker Thread 11" [_thread_blocked, id=3996, stack(0x00000077c4b00000,0x00000077c4c00000)]
  0x000001f6ec26b070 JavaThread "Cache worker for execution history cache (C:\Users\pande\vedaz\vedaz_reactapp\node_modules\@react-native\gradle-plugin\.gradle\8.10.2\executionHistory)" [_thread_blocked, id=19588, stack(0x00000077c4c00000,0x00000077c4d00000)]
  0x000001f6ec26a650 JavaThread "Unconstrained build operations Thread 40" [_thread_blocked, id=7772, stack(0x00000077c4d00000,0x00000077c4e00000)]
  0x000001f6ec26b580 JavaThread "Unconstrained build operations Thread 41" [_thread_blocked, id=20316, stack(0x00000077c4e00000,0x00000077c4f00000)]
  0x000001f6ec2682e0 JavaThread "Unconstrained build operations Thread 42" [_thread_blocked, id=18976, stack(0x00000077c4f00000,0x00000077c5000000)]
  0x000001f6ec2687f0 JavaThread "Unconstrained build operations Thread 43" [_thread_blocked, id=4320, stack(0x00000077c5000000,0x00000077c5100000)]
  0x000001f6ec26bfa0 JavaThread "Unconstrained build operations Thread 44" [_thread_blocked, id=16108, stack(0x00000077c5100000,0x00000077c5200000)]
  0x000001f6ec26c4b0 JavaThread "Unconstrained build operations Thread 45" [_thread_blocked, id=10596, stack(0x00000077c5200000,0x00000077c5300000)]
  0x000001f6ec268d00 JavaThread "Unconstrained build operations Thread 46" [_thread_blocked, id=8284, stack(0x00000077c5300000,0x00000077c5400000)]
  0x000001f6ec26c9c0 JavaThread "Unconstrained build operations Thread 47" [_thread_blocked, id=5092, stack(0x00000077c5400000,0x00000077c5500000)]
  0x000001f6ec269210 JavaThread "Unconstrained build operations Thread 48" [_thread_blocked, id=21368, stack(0x00000077c5500000,0x00000077c5600000)]
  0x000001f6ec26ced0 JavaThread "Unconstrained build operations Thread 49" [_thread_blocked, id=4800, stack(0x00000077c5600000,0x00000077c5700000)]
  0x000001f6ec269720 JavaThread "Unconstrained build operations Thread 50" [_thread_blocked, id=10780, stack(0x00000077c5700000,0x00000077c5800000)]
  0x000001f6ec26d3e0 JavaThread "Unconstrained build operations Thread 51" [_thread_blocked, id=15844, stack(0x00000077c5800000,0x00000077c5900000)]
  0x000001f6ec269c30 JavaThread "Unconstrained build operations Thread 52" [_thread_blocked, id=21980, stack(0x00000077c5900000,0x00000077c5a00000)]
  0x000001f6ec26d8f0 JavaThread "Unconstrained build operations Thread 53" [_thread_blocked, id=7440, stack(0x00000077c5a00000,0x00000077c5b00000)]
  0x000001f6ec26a140 JavaThread "Unconstrained build operations Thread 54" [_thread_blocked, id=18468, stack(0x00000077c5b00000,0x00000077c5c00000)]
  0x000001f6ec26e310 JavaThread "Unconstrained build operations Thread 55" [_thread_blocked, id=14536, stack(0x00000077c5c00000,0x00000077c5d00000)]
  0x000001f6ec26fc60 JavaThread "Unconstrained build operations Thread 56" [_thread_blocked, id=18080, stack(0x00000077c5d00000,0x00000077c5e00000)]
  0x000001f6ec26de00 JavaThread "Unconstrained build operations Thread 57" [_thread_blocked, id=10376, stack(0x00000077c5e00000,0x00000077c5f00000)]
  0x000001f6ec26e820 JavaThread "Unconstrained build operations Thread 58" [_thread_blocked, id=20160, stack(0x00000077c5f00000,0x00000077c6000000)]
  0x000001f6ec26ed30 JavaThread "Unconstrained build operations Thread 59" [_thread_blocked, id=21300, stack(0x00000077c6000000,0x00000077c6100000)]
  0x000001f6ec26f240 JavaThread "Unconstrained build operations Thread 60" [_thread_blocked, id=7960, stack(0x00000077c6100000,0x00000077c6200000)]
  0x000001f6ec26f750 JavaThread "Unconstrained build operations Thread 61" [_thread_blocked, id=14556, stack(0x00000077c6200000,0x00000077c6300000)]
  0x000001f6ec66df70 JavaThread "Unconstrained build operations Thread 62" [_thread_blocked, id=4624, stack(0x00000077c3100000,0x00000077c3200000)]
  0x000001f6ec66f3b0 JavaThread "Unconstrained build operations Thread 63" [_thread_blocked, id=19136, stack(0x00000077c6300000,0x00000077c6400000)]
  0x000001f6ec66d040 JavaThread "Unconstrained build operations Thread 64" [_thread_blocked, id=13612, stack(0x00000077c6400000,0x00000077c6500000)]
  0x000001f6ec66e990 JavaThread "Unconstrained build operations Thread 65" [_thread_blocked, id=22176, stack(0x00000077c6500000,0x00000077c6600000)]
  0x000001f6ec66cb30 JavaThread "Unconstrained build operations Thread 66" [_thread_blocked, id=9652, stack(0x00000077c6600000,0x00000077c6700000)]
  0x000001f6ec66eea0 JavaThread "Unconstrained build operations Thread 67" [_thread_blocked, id=7968, stack(0x00000077c6700000,0x00000077c6800000)]
  0x000001f6ec66e480 JavaThread "Unconstrained build operations Thread 68" [_thread_blocked, id=21084, stack(0x00000077c6800000,0x00000077c6900000)]
  0x000001f6ec66bc00 JavaThread "Unconstrained build operations Thread 69" [_thread_blocked, id=10288, stack(0x00000077c6900000,0x00000077c6a00000)]
  0x000001f6ec66f8c0 JavaThread "Unconstrained build operations Thread 70" [_thread_blocked, id=18860, stack(0x00000077c6a00000,0x00000077c6b00000)]
  0x000001f6ec66c110 JavaThread "Unconstrained build operations Thread 71" [_thread_blocked, id=7196, stack(0x00000077c6b00000,0x00000077c6c00000)]
  0x000001f6ec66d550 JavaThread "Unconstrained build operations Thread 72" [_thread_blocked, id=16964, stack(0x00000077c6c00000,0x00000077c6d00000)]
  0x000001f6ec66da60 JavaThread "Unconstrained build operations Thread 73" [_thread_blocked, id=1200, stack(0x00000077c6d00000,0x00000077c6e00000)]
  0x000001f6ec671c30 JavaThread "Unconstrained build operations Thread 74" [_thread_blocked, id=6300, stack(0x00000077c6e00000,0x00000077c6f00000)]
  0x000001f6ec673580 JavaThread "Unconstrained build operations Thread 75" [_thread_blocked, id=12740, stack(0x00000077c6f00000,0x00000077c7000000)]
  0x000001f6ec672650 JavaThread "Unconstrained build operations Thread 76" [_thread_blocked, id=8520, stack(0x00000077c7000000,0x00000077c7100000)]
  0x000001f6ec66fdd0 JavaThread "Unconstrained build operations Thread 77" [_thread_blocked, id=19840, stack(0x00000077c7100000,0x00000077c7200000)]
  0x000001f6ec6702e0 JavaThread "Unconstrained build operations Thread 78" [_thread_blocked, id=18624, stack(0x00000077c7200000,0x00000077c7300000)]
  0x000001f6ec671720 JavaThread "Unconstrained build operations Thread 79" [_thread_blocked, id=17976, stack(0x00000077c7300000,0x00000077c7400000)]
  0x000001f6ec6707f0 JavaThread "Unconstrained build operations Thread 80" [_thread_blocked, id=1772, stack(0x00000077c7400000,0x00000077c7500000)]
  0x000001f6ec670d00 JavaThread "Unconstrained build operations Thread 81" [_thread_blocked, id=3668, stack(0x00000077c7500000,0x00000077c7600000)]
  0x000001f6ec671210 JavaThread "Unconstrained build operations Thread 82" [_thread_blocked, id=13244, stack(0x00000077c7600000,0x00000077c7700000)]
  0x000001f6ec673070 JavaThread "Unconstrained build operations Thread 83" [_thread_blocked, id=13404, stack(0x00000077c7700000,0x00000077c7800000)]
  0x000001f6ec672140 JavaThread "Unconstrained build operations Thread 84" [_thread_blocked, id=17132, stack(0x00000077c7800000,0x00000077c7900000)]
  0x000001f6ec672b60 JavaThread "Unconstrained build operations Thread 85" [_thread_blocked, id=18684, stack(0x00000077c7900000,0x00000077c7a00000)]
  0x000001f6ee60fd10 JavaThread "Unconstrained build operations Thread 86" [_thread_blocked, id=1948, stack(0x00000077c7a00000,0x00000077c7b00000)]
  0x000001f6ee612080 JavaThread "Unconstrained build operations Thread 87" [_thread_blocked, id=18504, stack(0x00000077c7b00000,0x00000077c7c00000)]
  0x000001f6ee611b70 JavaThread "Unconstrained build operations Thread 88" [_thread_blocked, id=10264, stack(0x00000077c7c00000,0x00000077c7d00000)]
  0x000001f6ee611150 JavaThread "Unconstrained build operations Thread 89" [_thread_blocked, id=9660, stack(0x00000077c7d00000,0x00000077c7e00000)]
  0x000001f6ee610c40 JavaThread "Unconstrained build operations Thread 90" [_thread_blocked, id=15620, stack(0x00000077c7e00000,0x00000077c7f00000)]
  0x000001f6ee612590 JavaThread "Unconstrained build operations Thread 91" [_thread_blocked, id=1676, stack(0x00000077c7f00000,0x00000077c8000000)]
  0x000001f6ee610220 JavaThread "Unconstrained build operations Thread 92" [_thread_blocked, id=20688, stack(0x00000077c8000000,0x00000077c8100000)]
  0x000001f6ee614900 JavaThread "Unconstrained build operations Thread 93" [_thread_blocked, id=2364, stack(0x00000077c8100000,0x00000077c8200000)]
  0x000001f6ee612fb0 JavaThread "Unconstrained build operations Thread 94" [_thread_blocked, id=13896, stack(0x00000077c8200000,0x00000077c8300000)]
  0x000001f6ee612aa0 JavaThread "Unconstrained build operations Thread 95" [_thread_blocked, id=11056, stack(0x00000077c8300000,0x00000077c8400000)]
  0x000001f6ee613ee0 JavaThread "Unconstrained build operations Thread 96" [_thread_blocked, id=19000, stack(0x00000077c8400000,0x00000077c8500000)]
  0x000001f6ee610730 JavaThread "Unconstrained build operations Thread 97" [_thread_blocked, id=18904, stack(0x00000077c8500000,0x00000077c8600000)]
  0x000001f6ee6134c0 JavaThread "Unconstrained build operations Thread 98" [_thread_blocked, id=21336, stack(0x00000077c8600000,0x00000077c8700000)]
  0x000001f6ee614e10 JavaThread "Unconstrained build operations Thread 99" [_thread_blocked, id=16132, stack(0x00000077c8700000,0x00000077c8800000)]
  0x000001f6ee6143f0 JavaThread "Unconstrained build operations Thread 100" [_thread_blocked, id=14048, stack(0x00000077c8800000,0x00000077c8900000)]
  0x000001f6ee6139d0 JavaThread "Unconstrained build operations Thread 101" [_thread_blocked, id=19280, stack(0x00000077c8900000,0x00000077c8a00000)]
  0x000001f6ee611660 JavaThread "Unconstrained build operations Thread 102" [_thread_blocked, id=8092, stack(0x00000077c8a00000,0x00000077c8b00000)]
  0x000001f6ee616760 JavaThread "Unconstrained build operations Thread 103" [_thread_blocked, id=11716, stack(0x00000077c8b00000,0x00000077c8c00000)]
  0x000001f6ee615d40 JavaThread "Unconstrained build operations Thread 104" [_thread_blocked, id=9308, stack(0x00000077c8c00000,0x00000077c8d00000)]
  0x000001f6ee615830 JavaThread "Unconstrained build operations Thread 105" [_thread_blocked, id=18968, stack(0x00000077c8d00000,0x00000077c8e00000)]
  0x000001f6ee616c70 JavaThread "Unconstrained build operations Thread 106" [_thread_blocked, id=15780, stack(0x00000077c8e00000,0x00000077c8f00000)]
  0x000001f6ee617180 JavaThread "jar transforms Thread 2" [_thread_blocked, id=1912, stack(0x00000077c8f00000,0x00000077c9000000)]
  0x000001f6ee617690 JavaThread "jar transforms Thread 3" [_thread_blocked, id=16916, stack(0x00000077c9100000,0x00000077c9200000)]
  0x000001f6f2174b60 JavaThread "Unconstrained build operations Thread 107" [_thread_blocked, id=10180, stack(0x00000077c9200000,0x00000077c9300000)]
  0x000001f6f2175070 JavaThread "Unconstrained build operations Thread 108" [_thread_blocked, id=16184, stack(0x00000077c9300000,0x00000077c9400000)]
  0x000001f6f2174650 JavaThread "Unconstrained build operations Thread 109" [_thread_blocked, id=19040, stack(0x00000077c9400000,0x00000077c9500000)]
  0x000001f6f2175580 JavaThread "Unconstrained build operations Thread 110" [_thread_blocked, id=9004, stack(0x00000077c9500000,0x00000077c9600000)]
  0x000001f6f2175a90 JavaThread "Unconstrained build operations Thread 111" [_thread_blocked, id=11996, stack(0x00000077c9600000,0x00000077c9700000)]
  0x000001f6f21722e0 JavaThread "Unconstrained build operations Thread 112" [_thread_blocked, id=19116, stack(0x00000077c9700000,0x00000077c9800000)]
  0x000001f6f2175fa0 JavaThread "Unconstrained build operations Thread 113" [_thread_blocked, id=20124, stack(0x00000077c9800000,0x00000077c9900000)]
  0x000001f6f21764b0 JavaThread "Unconstrained build operations Thread 114" [_thread_blocked, id=17280, stack(0x00000077c9900000,0x00000077c9a00000)]
  0x000001f6f2172d00 JavaThread "Unconstrained build operations Thread 115" [_thread_blocked, id=22516, stack(0x00000077c9a00000,0x00000077c9b00000)]
  0x000001f6f2173c30 JavaThread "Unconstrained build operations Thread 116" [_thread_blocked, id=10444, stack(0x00000077c9b00000,0x00000077c9c00000)]
  0x000001f6f21769c0 JavaThread "Unconstrained build operations Thread 117" [_thread_blocked, id=13864, stack(0x00000077c9c00000,0x00000077c9d00000)]
  0x000001f6f2173210 JavaThread "Unconstrained build operations Thread 118" [_thread_blocked, id=12932, stack(0x00000077c9d00000,0x00000077c9e00000)]
  0x000001f6f2176ed0 JavaThread "Unconstrained build operations Thread 119" [_thread_blocked, id=19724, stack(0x00000077c9e00000,0x00000077c9f00000)]
  0x000001f6f2174140 JavaThread "Unconstrained build operations Thread 120" [_thread_blocked, id=14688, stack(0x00000077c9f00000,0x00000077ca000000)]
  0x000001f6f2179750 JavaThread "jar transforms Thread 4" [_thread_blocked, id=4072, stack(0x00000077ca000000,0x00000077ca100000)]
  0x000001f6f2179c60 JavaThread "jar transforms Thread 5" [_thread_blocked, id=11616, stack(0x00000077ca100000,0x00000077ca200000)]
  0x000001f6f21773e0 JavaThread "jar transforms Thread 6" [_thread_blocked, id=3688, stack(0x00000077ca200000,0x00000077ca300000)]
  0x000001f6f1f639b0 JavaThread "build event listener" [_thread_blocked, id=2104, stack(0x00000077bd100000,0x00000077bd200000)]
  0x000001f6f1f62570 JavaThread "jar transforms Thread 7" [_thread_blocked, id=13448, stack(0x00000077ca300000,0x00000077ca400000)]
  0x000001f6f1f648e0 JavaThread "jar transforms Thread 8" [_thread_blocked, id=21064, stack(0x00000077ca400000,0x00000077ca500000)]
  0x000001f6f1f65810 JavaThread "jar transforms Thread 9" [_thread_blocked, id=15304, stack(0x00000077c9000000,0x00000077c9100000)]
  0x000001f6f1f65300 JavaThread "jar transforms Thread 10" [_thread_blocked, id=22080, stack(0x00000077ca700000,0x00000077ca800000)]
  0x000001f6f1f634a0 JavaThread "jar transforms Thread 11" [_thread_blocked, id=15856, stack(0x00000077ca800000,0x00000077ca900000)]
  0x000001f6f1f62f90 JavaThread "jar transforms Thread 12" [_thread_blocked, id=21644, stack(0x00000077ca900000,0x00000077caa00000)]
=>0x000001f6f728a6b0 JavaThread "C2 CompilerThread1" daemon [_thread_in_native, id=4228, stack(0x00000077bfb00000,0x00000077bfc00000)]

Other Threads:
  0x000001f6b1cd3eb0 VMThread "VM Thread" [stack: 0x00000077bd800000,0x00000077bd900000] [id=18936]
  0x000001f68eb2a900 WatcherThread [stack: 0x00000077be400000,0x00000077be500000] [id=19180]
  0x000001f68eafeaf0 GCTaskThread "GC Thread#0" [stack: 0x00000077bd300000,0x00000077bd400000] [id=15196]
  0x000001f6eb2d46c0 GCTaskThread "GC Thread#1" [stack: 0x00000077be700000,0x00000077be800000] [id=8084]
  0x000001f6ebc693c0 GCTaskThread "GC Thread#2" [stack: 0x00000077be800000,0x00000077be900000] [id=15580]
  0x000001f6ec566270 GCTaskThread "GC Thread#3" [stack: 0x00000077be900000,0x00000077bea00000] [id=8792]
  0x000001f6ec174360 GCTaskThread "GC Thread#4" [stack: 0x00000077bea00000,0x00000077beb00000] [id=13000]
  0x000001f6ed31ce60 GCTaskThread "GC Thread#5" [stack: 0x00000077bf600000,0x00000077bf700000] [id=4924]
  0x000001f6ed3113a0 GCTaskThread "GC Thread#6" [stack: 0x00000077bf700000,0x00000077bf800000] [id=12956]
  0x000001f6ed311660 GCTaskThread "GC Thread#7" [stack: 0x00000077bf800000,0x00000077bf900000] [id=20940]
  0x000001f6ed311920 GCTaskThread "GC Thread#8" [stack: 0x00000077bf900000,0x00000077bfa00000] [id=9552]
  0x000001f6ed311be0 GCTaskThread "GC Thread#9" [stack: 0x00000077bfa00000,0x00000077bfb00000] [id=18668]
  0x000001f68eb0f950 ConcurrentGCThread "G1 Main Marker" [stack: 0x00000077bd400000,0x00000077bd500000] [id=3388]
  0x000001f68eb11f50 ConcurrentGCThread "G1 Conc#0" [stack: 0x00000077bd500000,0x00000077bd600000] [id=20016]
  0x000001f6eed231d0 ConcurrentGCThread "G1 Conc#1" [stack: 0x00000077bfe00000,0x00000077bff00000] [id=3064]
  0x000001f6eed23490 ConcurrentGCThread "G1 Conc#2" [stack: 0x00000077bff00000,0x00000077c0000000] [id=19392]
  0x000001f68eb5e700 ConcurrentGCThread "G1 Refine#0" [stack: 0x00000077bd600000,0x00000077bd700000] [id=19488]
  0x000001f6b1b870f0 ConcurrentGCThread "G1 Service" [stack: 0x00000077bd700000,0x00000077bd800000] [id=5356]

Threads with active compile tasks:
C2 CompilerThread0    48777 16651   !   4       org.gradle.internal.metaobject.BeanDynamicObject$MetaClassAdapter::lookupProperty (79 bytes)
C1 CompilerThread0    48777 16732       3       com.android.build.gradle.internal.services.VariantServicesImpl::initializeProperty (21 bytes)
C2 CompilerThread1    48777 16693       4       org.gradle.internal.metaobject.BeanDynamicObject::tryGetProperty (9 bytes)

VM state: not at safepoint (normal execution)

VM Mutex/Monitor currently owned by a thread: None

Heap address: 0x0000000700000000, size: 4096 MB, Compressed Oops mode: Zero based, Oop shift amount: 3

CDS archive(s) mapped at: [0x000001f6b2000000-0x000001f6b2bd0000-0x000001f6b2bd0000), size 12386304, SharedBaseAddress: 0x000001f6b2000000, ArchiveRelocationMode: 1.
Compressed class space mapped at: 0x000001f6b3000000-0x000001f6e7000000, reserved size: 872415232
Narrow klass base: 0x000001f6b2000000, Narrow klass shift: 0, Narrow klass range: 0x100000000

GC Precious Log:
 CPUs: 12 total, 12 available
 Memory: 7501M
 Large Page Support: Disabled
 NUMA Support: Disabled
 Compressed Oops: Enabled (Zero based)
 Heap Region Size: 2M
 Heap Min Capacity: 8M
 Heap Initial Capacity: 118M
 Heap Max Capacity: 4G
 Pre-touch: Disabled
 Parallel Workers: 10
 Concurrent Workers: 3
 Concurrent Refinement Workers: 10
 Periodic GC: Disabled

Heap:
 garbage-first heap   total 307200K, used 209763K [0x0000000700000000, 0x0000000800000000)
  region size 2048K, 5 young (10240K), 4 survivors (8192K)
 Metaspace       used 111649K, committed 113088K, reserved 983040K
  class space    used 15602K, committed 16256K, reserved 851968K

Heap Regions: E=young(eden), S=young(survivor), O=old, HS=humongous(starts), HC=humongous(continues), CS=collection set, F=free, OA=open archive, CA=closed archive, TAMS=top-at-mark-start (previous, next)
|   0|0x0000000700000000, 0x0000000700200000, 0x0000000700200000|100%|HS|  |TAMS 0x0000000700200000, 0x0000000700000000| Complete 
|   1|0x0000000700200000, 0x0000000700400000, 0x0000000700400000|100%|HC|  |TAMS 0x0000000700400000, 0x0000000700200000| Complete 
|   2|0x0000000700400000, 0x0000000700600000, 0x0000000700600000|100%| O|  |TAMS 0x0000000700600000, 0x0000000700400000| Untracked 
|   3|0x0000000700600000, 0x0000000700800000, 0x0000000700800000|100%| O|  |TAMS 0x0000000700800000, 0x0000000700600000| Untracked 
|   4|0x0000000700800000, 0x0000000700a00000, 0x0000000700a00000|100%| O|  |TAMS 0x0000000700a00000, 0x0000000700800000| Untracked 
|   5|0x0000000700a00000, 0x0000000700c00000, 0x0000000700c00000|100%| O|  |TAMS 0x0000000700c00000, 0x0000000700a00000| Untracked 
|   6|0x0000000700c00000, 0x0000000700e00000, 0x0000000700e00000|100%| O|  |TAMS 0x0000000700e00000, 0x0000000700c00000| Untracked 
|   7|0x0000000700e00000, 0x0000000700fd2e00, 0x0000000701000000| 91%| O|  |TAMS 0x0000000700fd2e00, 0x0000000700e00000| Untracked 
|   8|0x0000000701000000, 0x0000000701200000, 0x0000000701200000|100%| O|  |TAMS 0x0000000701200000, 0x0000000701000000| Untracked 
|   9|0x0000000701200000, 0x0000000701400000, 0x0000000701400000|100%| O|  |TAMS 0x0000000701400000, 0x0000000701200000| Untracked 
|  10|0x0000000701400000, 0x0000000701600000, 0x0000000701600000|100%| O|  |TAMS 0x0000000701600000, 0x0000000701400000| Untracked 
|  11|0x0000000701600000, 0x0000000701800000, 0x0000000701800000|100%| O|  |TAMS 0x0000000701800000, 0x0000000701600000| Untracked 
|  12|0x0000000701800000, 0x0000000701a00000, 0x0000000701a00000|100%| O|  |TAMS 0x0000000701a00000, 0x0000000701800000| Untracked 
|  13|0x0000000701a00000, 0x0000000701c00000, 0x0000000701c00000|100%| O|  |TAMS 0x0000000701c00000, 0x0000000701a00000| Untracked 
|  14|0x0000000701c00000, 0x0000000701e00000, 0x0000000701e00000|100%| O|  |TAMS 0x0000000701e00000, 0x0000000701c00000| Untracked 
|  15|0x0000000701e00000, 0x0000000702000000, 0x0000000702000000|100%| O|  |TAMS 0x0000000702000000, 0x0000000701e00000| Untracked 
|  16|0x0000000702000000, 0x0000000702200000, 0x0000000702200000|100%| O|  |TAMS 0x0000000702200000, 0x0000000702000000| Untracked 
|  17|0x0000000702200000, 0x0000000702400000, 0x0000000702400000|100%| O|  |TAMS 0x0000000702400000, 0x0000000702200000| Untracked 
|  18|0x0000000702400000, 0x0000000702600000, 0x0000000702600000|100%| O|  |TAMS 0x0000000702600000, 0x0000000702400000| Untracked 
|  19|0x0000000702600000, 0x0000000702800000, 0x0000000702800000|100%| O|  |TAMS 0x0000000702800000, 0x0000000702600000| Untracked 
|  20|0x0000000702800000, 0x0000000702a00000, 0x0000000702a00000|100%| O|  |TAMS 0x0000000702a00000, 0x0000000702800000| Untracked 
|  21|0x0000000702a00000, 0x0000000702c00000, 0x0000000702c00000|100%| O|  |TAMS 0x0000000702c00000, 0x0000000702a00000| Untracked 
|  22|0x0000000702c00000, 0x0000000702e00000, 0x0000000702e00000|100%| O|  |TAMS 0x0000000702e00000, 0x0000000702c00000| Untracked 
|  23|0x0000000702e00000, 0x0000000703000000, 0x0000000703000000|100%|HS|  |TAMS 0x0000000703000000, 0x0000000702e00000| Complete 
|  24|0x0000000703000000, 0x0000000703200000, 0x0000000703200000|100%|HS|  |TAMS 0x0000000703200000, 0x0000000703000000| Complete 
|  25|0x0000000703200000, 0x0000000703400000, 0x0000000703400000|100%|HS|  |TAMS 0x0000000703400000, 0x0000000703200000| Complete 
|  26|0x0000000703400000, 0x0000000703600000, 0x0000000703600000|100%|HC|  |TAMS 0x0000000703600000, 0x0000000703400000| Complete 
|  27|0x0000000703600000, 0x0000000703800000, 0x0000000703800000|100%|HS|  |TAMS 0x0000000703800000, 0x0000000703600000| Complete 
|  28|0x0000000703800000, 0x0000000703a00000, 0x0000000703a00000|100%|HC|  |TAMS 0x0000000703a00000, 0x0000000703800000| Complete 
|  29|0x0000000703a00000, 0x0000000703c00000, 0x0000000703c00000|100%| O|  |TAMS 0x0000000703c00000, 0x0000000703a00000| Untracked 
|  30|0x0000000703c00000, 0x0000000703e00000, 0x0000000703e00000|100%| O|  |TAMS 0x0000000703c00000, 0x0000000703c00000| Untracked 
|  31|0x0000000703e00000, 0x0000000704000000, 0x0000000704000000|100%| O|  |TAMS 0x0000000704000000, 0x0000000703e00000| Untracked 
|  32|0x0000000704000000, 0x0000000704200000, 0x0000000704200000|100%| O|  |TAMS 0x0000000704200000, 0x0000000704000000| Untracked 
|  33|0x0000000704200000, 0x0000000704400000, 0x0000000704400000|100%| O|  |TAMS 0x0000000704400000, 0x0000000704200000| Untracked 
|  34|0x0000000704400000, 0x0000000704600000, 0x0000000704600000|100%| O|  |TAMS 0x0000000704400000, 0x0000000704400000| Untracked 
|  35|0x0000000704600000, 0x0000000704800000, 0x0000000704800000|100%| O|  |TAMS 0x0000000704800000, 0x0000000704600000| Untracked 
|  36|0x0000000704800000, 0x0000000704a00000, 0x0000000704a00000|100%| O|  |TAMS 0x0000000704a00000, 0x0000000704800000| Untracked 
|  37|0x0000000704a00000, 0x0000000704c00000, 0x0000000704c00000|100%| O|  |TAMS 0x0000000704a00000, 0x0000000704a00000| Untracked 
|  38|0x0000000704c00000, 0x0000000704e00000, 0x0000000704e00000|100%| O|  |TAMS 0x0000000704e00000, 0x0000000704c00000| Untracked 
|  39|0x0000000704e00000, 0x0000000705000000, 0x0000000705000000|100%| O|  |TAMS 0x0000000705000000, 0x0000000704e00000| Untracked 
|  40|0x0000000705000000, 0x0000000705200000, 0x0000000705200000|100%| O|  |TAMS 0x0000000705200000, 0x0000000705000000| Untracked 
|  41|0x0000000705200000, 0x0000000705400000, 0x0000000705400000|100%| O|  |TAMS 0x0000000705400000, 0x0000000705200000| Untracked 
|  42|0x0000000705400000, 0x0000000705600000, 0x0000000705600000|100%| O|  |TAMS 0x00000007054d5a00, 0x0000000705400000| Untracked 
|  43|0x0000000705600000, 0x0000000705800000, 0x0000000705800000|100%| O|  |TAMS 0x0000000705600000, 0x0000000705600000| Untracked 
|  44|0x0000000705800000, 0x0000000705a00000, 0x0000000705a00000|100%| O|  |TAMS 0x0000000705800000, 0x0000000705800000| Untracked 
|  45|0x0000000705a00000, 0x0000000705c00000, 0x0000000705c00000|100%| O|  |TAMS 0x0000000705a00000, 0x0000000705a00000| Untracked 
|  46|0x0000000705c00000, 0x0000000705e00000, 0x0000000705e00000|100%| O|  |TAMS 0x0000000705c00000, 0x0000000705c00000| Untracked 
|  47|0x0000000705e00000, 0x0000000706000000, 0x0000000706000000|100%| O|  |TAMS 0x0000000705e00000, 0x0000000705e00000| Untracked 
|  48|0x0000000706000000, 0x0000000706200000, 0x0000000706200000|100%| O|  |TAMS 0x0000000706000000, 0x0000000706000000| Untracked 
|  49|0x0000000706200000, 0x0000000706400000, 0x0000000706400000|100%| O|  |TAMS 0x0000000706200000, 0x0000000706200000| Untracked 
|  50|0x0000000706400000, 0x0000000706600000, 0x0000000706600000|100%| O|  |TAMS 0x0000000706400000, 0x0000000706400000| Untracked 
|  51|0x0000000706600000, 0x0000000706800000, 0x0000000706800000|100%|HS|  |TAMS 0x0000000706600000, 0x0000000706600000| Complete 
|  52|0x0000000706800000, 0x0000000706a00000, 0x0000000706a00000|100%| O|  |TAMS 0x0000000706800000, 0x0000000706800000| Untracked 
|  53|0x0000000706a00000, 0x0000000706c00000, 0x0000000706c00000|100%| O|  |TAMS 0x0000000706a00000, 0x0000000706a00000| Untracked 
|  54|0x0000000706c00000, 0x0000000706e00000, 0x0000000706e00000|100%| O|  |TAMS 0x0000000706c00000, 0x0000000706c00000| Untracked 
|  55|0x0000000706e00000, 0x0000000707000000, 0x0000000707000000|100%| O|  |TAMS 0x0000000706e00000, 0x0000000706e00000| Untracked 
|  56|0x0000000707000000, 0x0000000707200000, 0x0000000707200000|100%| O|  |TAMS 0x0000000707000000, 0x0000000707000000| Untracked 
|  57|0x0000000707200000, 0x0000000707400000, 0x0000000707400000|100%| O|  |TAMS 0x0000000707200000, 0x0000000707200000| Untracked 
|  58|0x0000000707400000, 0x0000000707600000, 0x0000000707600000|100%| O|  |TAMS 0x0000000707400000, 0x0000000707400000| Untracked 
|  59|0x0000000707600000, 0x0000000707800000, 0x0000000707800000|100%| O|  |TAMS 0x0000000707600000, 0x0000000707600000| Untracked 
|  60|0x0000000707800000, 0x0000000707a00000, 0x0000000707a00000|100%| O|  |TAMS 0x0000000707800000, 0x0000000707800000| Untracked 
|  61|0x0000000707a00000, 0x0000000707c00000, 0x0000000707c00000|100%| O|  |TAMS 0x0000000707a00000, 0x0000000707a00000| Untracked 
|  62|0x0000000707c00000, 0x0000000707e00000, 0x0000000707e00000|100%| O|  |TAMS 0x0000000707c00000, 0x0000000707c00000| Untracked 
|  63|0x0000000707e00000, 0x0000000708000000, 0x0000000708000000|100%| O|  |TAMS 0x0000000707e00000, 0x0000000707e00000| Untracked 
|  64|0x0000000708000000, 0x0000000708200000, 0x0000000708200000|100%| O|  |TAMS 0x0000000708000000, 0x0000000708000000| Untracked 
|  65|0x0000000708200000, 0x0000000708400000, 0x0000000708400000|100%| O|  |TAMS 0x0000000708200000, 0x0000000708200000| Untracked 
|  66|0x0000000708400000, 0x0000000708600000, 0x0000000708600000|100%| O|  |TAMS 0x0000000708400000, 0x0000000708400000| Untracked 
|  67|0x0000000708600000, 0x0000000708800000, 0x0000000708800000|100%|HS|  |TAMS 0x0000000708600000, 0x0000000708600000| Complete 
|  68|0x0000000708800000, 0x0000000708a00000, 0x0000000708a00000|100%| O|  |TAMS 0x0000000708800000, 0x0000000708800000| Untracked 
|  69|0x0000000708a00000, 0x0000000708c00000, 0x0000000708c00000|100%| O|  |TAMS 0x0000000708a00000, 0x0000000708a00000| Untracked 
|  70|0x0000000708c00000, 0x0000000708e00000, 0x0000000708e00000|100%| O|  |TAMS 0x0000000708c00000, 0x0000000708c00000| Untracked 
|  71|0x0000000708e00000, 0x0000000709000000, 0x0000000709000000|100%| O|  |TAMS 0x0000000708e00000, 0x0000000708e00000| Untracked 
|  72|0x0000000709000000, 0x0000000709200000, 0x0000000709200000|100%| O|  |TAMS 0x0000000709000000, 0x0000000709000000| Untracked 
|  73|0x0000000709200000, 0x0000000709400000, 0x0000000709400000|100%| O|  |TAMS 0x0000000709200000, 0x0000000709200000| Untracked 
|  74|0x0000000709400000, 0x0000000709600000, 0x0000000709600000|100%| O|  |TAMS 0x0000000709400000, 0x0000000709400000| Untracked 
|  75|0x0000000709600000, 0x0000000709800000, 0x0000000709800000|100%| O|  |TAMS 0x0000000709600000, 0x0000000709600000| Untracked 
|  76|0x0000000709800000, 0x0000000709a00000, 0x0000000709a00000|100%| O|  |TAMS 0x0000000709800000, 0x0000000709800000| Untracked 
|  77|0x0000000709a00000, 0x0000000709c00000, 0x0000000709c00000|100%| O|  |TAMS 0x0000000709a00000, 0x0000000709a00000| Untracked 
|  78|0x0000000709c00000, 0x0000000709e00000, 0x0000000709e00000|100%| O|  |TAMS 0x0000000709c00000, 0x0000000709c00000| Untracked 
|  79|0x0000000709e00000, 0x000000070a000000, 0x000000070a000000|100%| O|  |TAMS 0x0000000709e00000, 0x0000000709e00000| Untracked 
|  80|0x000000070a000000, 0x000000070a200000, 0x000000070a200000|100%| O|  |TAMS 0x000000070a000000, 0x000000070a000000| Untracked 
|  81|0x000000070a200000, 0x000000070a400000, 0x000000070a400000|100%| O|  |TAMS 0x000000070a200000, 0x000000070a200000| Untracked 
|  82|0x000000070a400000, 0x000000070a600000, 0x000000070a600000|100%| O|  |TAMS 0x000000070a400000, 0x000000070a400000| Untracked 
|  83|0x000000070a600000, 0x000000070a800000, 0x000000070a800000|100%| O|  |TAMS 0x000000070a600000, 0x000000070a600000| Untracked 
|  84|0x000000070a800000, 0x000000070aa00000, 0x000000070aa00000|100%| O|  |TAMS 0x000000070a800000, 0x000000070a800000| Untracked 
|  85|0x000000070aa00000, 0x000000070ac00000, 0x000000070ac00000|100%| O|  |TAMS 0x000000070aa00000, 0x000000070aa00000| Untracked 
|  86|0x000000070ac00000, 0x000000070ae00000, 0x000000070ae00000|100%| O|  |TAMS 0x000000070ac00000, 0x000000070ac00000| Untracked 
|  87|0x000000070ae00000, 0x000000070b000000, 0x000000070b000000|100%| O|  |TAMS 0x000000070ae00000, 0x000000070ae00000| Untracked 
|  88|0x000000070b000000, 0x000000070b200000, 0x000000070b200000|100%| O|  |TAMS 0x000000070b000000, 0x000000070b000000| Untracked 
|  89|0x000000070b200000, 0x000000070b400000, 0x000000070b400000|100%| O|  |TAMS 0x000000070b200000, 0x000000070b200000| Untracked 
|  90|0x000000070b400000, 0x000000070b600000, 0x000000070b600000|100%|HS|  |TAMS 0x000000070b400000, 0x000000070b400000| Complete 
|  91|0x000000070b600000, 0x000000070b800000, 0x000000070b800000|100%|HS|  |TAMS 0x000000070b600000, 0x000000070b600000| Complete 
|  92|0x000000070b800000, 0x000000070ba00000, 0x000000070ba00000|100%|HS|  |TAMS 0x000000070b800000, 0x000000070b800000| Complete 
|  93|0x000000070ba00000, 0x000000070bc00000, 0x000000070bc00000|100%|HC|  |TAMS 0x000000070ba00000, 0x000000070ba00000| Complete 
|  94|0x000000070bc00000, 0x000000070be00000, 0x000000070be00000|100%| O|  |TAMS 0x000000070bc00000, 0x000000070bc00000| Untracked 
|  95|0x000000070be00000, 0x000000070c000000, 0x000000070c000000|100%| O|  |TAMS 0x000000070be00000, 0x000000070be00000| Untracked 
|  96|0x000000070c000000, 0x000000070c200000, 0x000000070c200000|100%| O|  |TAMS 0x000000070c000000, 0x000000070c000000| Untracked 
|  97|0x000000070c200000, 0x000000070c400000, 0x000000070c400000|100%| O|  |TAMS 0x000000070c200000, 0x000000070c200000| Untracked 
|  98|0x000000070c400000, 0x000000070c505e00, 0x000000070c600000| 51%| O|  |TAMS 0x000000070c400000, 0x000000070c400000| Untracked 
|  99|0x000000070c600000, 0x000000070c600000, 0x000000070c800000|  0%| F|  |TAMS 0x000000070c600000, 0x000000070c600000| Untracked 
| 100|0x000000070c800000, 0x000000070c800000, 0x000000070ca00000|  0%| F|  |TAMS 0x000000070c800000, 0x000000070c800000| Untracked 
| 101|0x000000070ca00000, 0x000000070ca00000, 0x000000070cc00000|  0%| F|  |TAMS 0x000000070ca00000, 0x000000070ca00000| Untracked 
| 102|0x000000070cc00000, 0x000000070cc00000, 0x000000070ce00000|  0%| F|  |TAMS 0x000000070cc00000, 0x000000070cc00000| Untracked 
| 103|0x000000070ce00000, 0x000000070ce00000, 0x000000070d000000|  0%| F|  |TAMS 0x000000070ce00000, 0x000000070ce00000| Untracked 
| 104|0x000000070d000000, 0x000000070d000000, 0x000000070d200000|  0%| F|  |TAMS 0x000000070d000000, 0x000000070d000000| Untracked 
| 105|0x000000070d200000, 0x000000070d200000, 0x000000070d400000|  0%| F|  |TAMS 0x000000070d200000, 0x000000070d200000| Untracked 
| 106|0x000000070d400000, 0x000000070d400000, 0x000000070d600000|  0%| F|  |TAMS 0x000000070d400000, 0x000000070d400000| Untracked 
| 107|0x000000070d600000, 0x000000070d600000, 0x000000070d800000|  0%| F|  |TAMS 0x000000070d600000, 0x000000070d600000| Untracked 
| 108|0x000000070d800000, 0x000000070d800000, 0x000000070da00000|  0%| F|  |TAMS 0x000000070d800000, 0x000000070d800000| Untracked 
| 109|0x000000070da00000, 0x000000070da00000, 0x000000070dc00000|  0%| F|  |TAMS 0x000000070da00000, 0x000000070da00000| Untracked 
| 110|0x000000070dc00000, 0x000000070dc00000, 0x000000070de00000|  0%| F|  |TAMS 0x000000070dc00000, 0x000000070dc00000| Untracked 
| 111|0x000000070de00000, 0x000000070de00000, 0x000000070e000000|  0%| F|  |TAMS 0x000000070de00000, 0x000000070de00000| Untracked 
| 112|0x000000070e000000, 0x000000070e000000, 0x000000070e200000|  0%| F|  |TAMS 0x000000070e000000, 0x000000070e000000| Untracked 
| 113|0x000000070e200000, 0x000000070e200000, 0x000000070e400000|  0%| F|  |TAMS 0x000000070e200000, 0x000000070e200000| Untracked 
| 114|0x000000070e400000, 0x000000070e400000, 0x000000070e600000|  0%| F|  |TAMS 0x000000070e400000, 0x000000070e400000| Untracked 
| 115|0x000000070e600000, 0x000000070e600000, 0x000000070e800000|  0%| F|  |TAMS 0x000000070e600000, 0x000000070e600000| Untracked 
| 116|0x000000070e800000, 0x000000070e800000, 0x000000070ea00000|  0%| F|  |TAMS 0x000000070e800000, 0x000000070e800000| Untracked 
| 117|0x000000070ea00000, 0x000000070ea00000, 0x000000070ec00000|  0%| F|  |TAMS 0x000000070ea00000, 0x000000070ea00000| Untracked 
| 118|0x000000070ec00000, 0x000000070ec00000, 0x000000070ee00000|  0%| F|  |TAMS 0x000000070ec00000, 0x000000070ec00000| Untracked 
| 119|0x000000070ee00000, 0x000000070f000000, 0x000000070f000000|100%| S|CS|TAMS 0x000000070ee00000, 0x000000070ee00000| Complete 
| 120|0x000000070f000000, 0x000000070f200000, 0x000000070f200000|100%| S|CS|TAMS 0x000000070f000000, 0x000000070f000000| Complete 
| 121|0x000000070f200000, 0x000000070f400000, 0x000000070f400000|100%| S|CS|TAMS 0x000000070f200000, 0x000000070f200000| Complete 
| 122|0x000000070f400000, 0x000000070f600000, 0x000000070f600000|100%| S|CS|TAMS 0x000000070f400000, 0x000000070f400000| Complete 
| 123|0x000000070f600000, 0x000000070f600000, 0x000000070f800000|  0%| F|  |TAMS 0x000000070f600000, 0x000000070f600000| Untracked 
| 124|0x000000070f800000, 0x000000070f800000, 0x000000070fa00000|  0%| F|  |TAMS 0x000000070f800000, 0x000000070f800000| Untracked 
| 125|0x000000070fa00000, 0x000000070fa00000, 0x000000070fc00000|  0%| F|  |TAMS 0x000000070fa00000, 0x000000070fa00000| Untracked 
| 126|0x000000070fc00000, 0x000000070fc00000, 0x000000070fe00000|  0%| F|  |TAMS 0x000000070fc00000, 0x000000070fc00000| Untracked 
| 127|0x000000070fe00000, 0x000000070fe00000, 0x0000000710000000|  0%| F|  |TAMS 0x000000070fe00000, 0x000000070fe00000| Untracked 
| 128|0x0000000710000000, 0x0000000710000000, 0x0000000710200000|  0%| F|  |TAMS 0x0000000710000000, 0x0000000710000000| Untracked 
| 129|0x0000000710200000, 0x0000000710200000, 0x0000000710400000|  0%| F|  |TAMS 0x0000000710200000, 0x0000000710200000| Untracked 
| 130|0x0000000710400000, 0x0000000710400000, 0x0000000710600000|  0%| F|  |TAMS 0x0000000710400000, 0x0000000710400000| Untracked 
| 131|0x0000000710600000, 0x0000000710600000, 0x0000000710800000|  0%| F|  |TAMS 0x0000000710600000, 0x0000000710600000| Untracked 
| 132|0x0000000710800000, 0x0000000710800000, 0x0000000710a00000|  0%| F|  |TAMS 0x0000000710800000, 0x0000000710800000| Untracked 
| 133|0x0000000710a00000, 0x0000000710a00000, 0x0000000710c00000|  0%| F|  |TAMS 0x0000000710a00000, 0x0000000710a00000| Untracked 
| 134|0x0000000710c00000, 0x0000000710c00000, 0x0000000710e00000|  0%| F|  |TAMS 0x0000000710c00000, 0x0000000710c00000| Untracked 
| 135|0x0000000710e00000, 0x0000000710e00000, 0x0000000711000000|  0%| F|  |TAMS 0x0000000710e00000, 0x0000000710e00000| Untracked 
| 136|0x0000000711000000, 0x0000000711000000, 0x0000000711200000|  0%| F|  |TAMS 0x0000000711000000, 0x0000000711000000| Untracked 
| 137|0x0000000711200000, 0x0000000711200000, 0x0000000711400000|  0%| F|  |TAMS 0x0000000711200000, 0x0000000711200000| Untracked 
| 138|0x0000000711400000, 0x0000000711400000, 0x0000000711600000|  0%| F|  |TAMS 0x0000000711400000, 0x0000000711400000| Untracked 
| 139|0x0000000711600000, 0x0000000711600000, 0x0000000711800000|  0%| F|  |TAMS 0x0000000711600000, 0x0000000711600000| Untracked 
| 140|0x0000000711800000, 0x0000000711800000, 0x0000000711a00000|  0%| F|  |TAMS 0x0000000711800000, 0x0000000711800000| Untracked 
| 141|0x0000000711a00000, 0x0000000711a00000, 0x0000000711c00000|  0%| F|  |TAMS 0x0000000711a00000, 0x0000000711a00000| Untracked 
| 142|0x0000000711c00000, 0x0000000711c00000, 0x0000000711e00000|  0%| F|  |TAMS 0x0000000711c00000, 0x0000000711c00000| Untracked 
| 143|0x0000000711e00000, 0x0000000711e00000, 0x0000000712000000|  0%| F|  |TAMS 0x0000000711e00000, 0x0000000711e00000| Untracked 
| 144|0x0000000712000000, 0x0000000712000000, 0x0000000712200000|  0%| F|  |TAMS 0x0000000712000000, 0x0000000712000000| Untracked 
| 145|0x0000000712200000, 0x0000000712200000, 0x0000000712400000|  0%| F|  |TAMS 0x0000000712200000, 0x0000000712200000| Untracked 
| 146|0x0000000712400000, 0x0000000712400000, 0x0000000712600000|  0%| F|  |TAMS 0x0000000712400000, 0x0000000712400000| Untracked 
| 147|0x0000000712600000, 0x0000000712600000, 0x0000000712800000|  0%| F|  |TAMS 0x0000000712600000, 0x0000000712600000| Untracked 
| 148|0x0000000712800000, 0x0000000712800000, 0x0000000712a00000|  0%| F|  |TAMS 0x0000000712800000, 0x0000000712800000| Untracked 
| 149|0x0000000712a00000, 0x0000000712acb2c8, 0x0000000712c00000| 39%| E|  |TAMS 0x0000000712a00000, 0x0000000712a00000| Complete 

Card table byte_map: [0x000001f6a60a0000,0x000001f6a68a0000] _byte_map_base: 0x000001f6a28a0000

Marking Bits (Prev, Next): (CMBitMap*) 0x000001f68eaff060, (CMBitMap*) 0x000001f68eaff020
 Prev Bits: [0x000001f6ab0a0000, 0x000001f6af0a0000)
 Next Bits: [0x000001f6a70a0000, 0x000001f6ab0a0000)

Polling page: 0x000001f68c9d0000

Metaspace:

Usage:
  Non-class:     93.80 MB used.
      Class:     15.24 MB used.
       Both:    109.04 MB used.

Virtual space:
  Non-class space:      128.00 MB reserved,      94.56 MB ( 74%) committed,  2 nodes.
      Class space:      832.00 MB reserved,      15.88 MB (  2%) committed,  1 nodes.
             Both:      960.00 MB reserved,     110.44 MB ( 12%) committed. 

Chunk freelists:
   Non-Class:  1.41 MB
       Class:  76.00 KB
        Both:  1.48 MB

MaxMetaspaceSize: 1.00 GB
CompressedClassSpaceSize: 832.00 MB
Initial GC threshold: 21.00 MB
Current GC threshold: 131.50 MB
CDS: on
MetaspaceReclaimPolicy: balanced
 - commit_granule_bytes: 65536.
 - commit_granule_words: 8192.
 - virtual_space_node_default_size: 8388608.
 - enlarge_chunks_in_place: 1.
 - new_chunks_are_fully_committed: 0.
 - uncommit_free_chunks: 1.
 - use_allocation_guard: 0.
 - handle_deallocations: 1.


Internal statistics:

num_allocs_failed_limit: 6.
num_arena_births: 1726.
num_arena_deaths: 0.
num_vsnodes_births: 3.
num_vsnodes_deaths: 0.
num_space_committed: 1767.
num_space_uncommitted: 0.
num_chunks_returned_to_freelist: 6.
num_chunks_taken_from_freelist: 6805.
num_chunk_merges: 6.
num_chunk_splits: 4357.
num_chunks_enlarged: 2717.
num_inconsistent_stats: 0.

CodeHeap 'non-profiled nmethods': size=120000Kb used=10526Kb max_used=10526Kb free=109473Kb
 bounds [0x000001f69de20000, 0x000001f69e870000, 0x000001f6a5350000]
CodeHeap 'profiled nmethods': size=120000Kb used=28654Kb max_used=28654Kb free=91346Kb
 bounds [0x000001f696350000, 0x000001f697f50000, 0x000001f69d880000]
CodeHeap 'non-nmethods': size=5760Kb used=2449Kb max_used=2511Kb free=3310Kb
 bounds [0x000001f69d880000, 0x000001f69db00000, 0x000001f69de20000]
 total_blobs=15347 nmethods=14353 adapters=905
 compilation: enabled
              stopped_count=0, restarted_count=0
 full_count=0

Compilation events (20 events):
Event: 47.437 Thread 0x000001f6b1d0bdf0 16696       3       org.gradle.api.internal.plugins.ModelDefaultsApplyingPluginTarget::toString (8 bytes)
Event: 47.437 Thread 0x000001f6b1d0bdf0 nmethod 16696 0x000001f697f2b110 code [0x000001f697f2b2c0, 0x000001f697f2b4a8]
Event: 47.437 Thread 0x000001f6b1d0bdf0 16697       3       org.gradle.api.internal.plugins.RuleBasedPluginTarget::toString (8 bytes)
Event: 47.438 Thread 0x000001f6b1d0bdf0 nmethod 16697 0x000001f697f2b590 code [0x000001f697f2b740, 0x000001f697f2b928]
Event: 47.438 Thread 0x000001f6b1d0bdf0 16698       3       org.gradle.api.internal.plugins.PluginInstantiator::newInstance (34 bytes)
Event: 47.438 Thread 0x000001f6b1d0bdf0 nmethod 16698 0x000001f697f2ba10 code [0x000001f697f2bbe0, 0x000001f697f2bfd8]
Event: 47.444 Thread 0x000001f6b1d0bdf0 16699       3       org.codehaus.groovy.reflection.stdclasses.CachedClosureClass::<init> (106 bytes)
Event: 47.447 Thread 0x000001f6b1d0bdf0 nmethod 16699 0x000001f697f2c110 code [0x000001f697f2c320, 0x000001f697f2cbf8]
Event: 47.447 Thread 0x000001f6b1d0bdf0 16700       3       org.codehaus.groovy.reflection.stdclasses.StringCachedClass::isAssignableFrom (27 bytes)
Event: 47.447 Thread 0x000001f6b1d0bdf0 nmethod 16700 0x000001f697f2cf90 code [0x000001f697f2d140, 0x000001f697f2d408]
Event: 47.456 Thread 0x000001f6f728a6b0 nmethod 16564 0x000001f69e85e710 code [0x000001f69e85ec60, 0x000001f69e862208]
Event: 47.456 Thread 0x000001f6f728a6b0 16693       4       org.gradle.internal.metaobject.BeanDynamicObject::tryGetProperty (9 bytes)
Event: 47.457 Thread 0x000001f6b1d0a4d0 nmethod 16676 0x000001f69e864110 code [0x000001f69e8643c0, 0x000001f69e865198]
Event: 47.458 Thread 0x000001f6b1d0a4d0 16672       4       org.gradle.plugin.use.internal.DefaultPluginId::hashCode (8 bytes)
Event: 47.467 Thread 0x000001f6b1d0bdf0 16701       3       org.codehaus.groovy.reflection.ClassInfo::getMetaClassUnderLock (80 bytes)
Event: 47.467 Thread 0x000001f6b1d0a4d0 nmethod 16672 0x000001f69e865e10 code [0x000001f69e865fa0, 0x000001f69e8661e8]
Event: 47.467 Thread 0x000001f6b1d0a4d0 16651   !   4       org.gradle.internal.metaobject.BeanDynamicObject$MetaClassAdapter::lookupProperty (79 bytes)
Event: 47.470 Thread 0x000001f6b1d0bdf0 nmethod 16701 0x000001f697f2d510 code [0x000001f697f2d7e0, 0x000001f697f2e8f8]
Event: 47.562 Thread 0x000001f6b1d0bdf0 16703       3       java.util.ComparableTimSort::mergeHi (729 bytes)
Event: 47.564 Thread 0x000001f6b1d0bdf0 nmethod 16703 0x000001f697f2ed90 code [0x000001f697f2f140, 0x000001f697f31a18]

GC Heap History (20 events):
Event: 35.033 GC heap before
{Heap before GC invocations=51 (full 0):
 garbage-first heap   total 307200K, used 244570K [0x0000000700000000, 0x0000000800000000)
  region size 2048K, 63 young (129024K), 4 survivors (8192K)
 Metaspace       used 101106K, committed 102080K, reserved 983040K
  class space    used 14209K, committed 14656K, reserved 851968K
}
Event: 35.041 GC heap after
{Heap after GC invocations=52 (full 0):
 garbage-first heap   total 307200K, used 127707K [0x0000000700000000, 0x0000000800000000)
  region size 2048K, 6 young (12288K), 6 survivors (12288K)
 Metaspace       used 101106K, committed 102080K, reserved 983040K
  class space    used 14209K, committed 14656K, reserved 851968K
}
Event: 37.870 GC heap before
{Heap before GC invocations=52 (full 0):
 garbage-first heap   total 307200K, used 248539K [0x0000000700000000, 0x0000000800000000)
  region size 2048K, 65 young (133120K), 6 survivors (12288K)
 Metaspace       used 106345K, committed 107456K, reserved 983040K
  class space    used 14891K, committed 15360K, reserved 851968K
}
Event: 37.885 GC heap after
{Heap after GC invocations=53 (full 0):
 garbage-first heap   total 307200K, used 137508K [0x0000000700000000, 0x0000000800000000)
  region size 2048K, 8 young (16384K), 8 survivors (16384K)
 Metaspace       used 106345K, committed 107456K, reserved 983040K
  class space    used 14891K, committed 15360K, reserved 851968K
}
Event: 39.622 GC heap before
{Heap before GC invocations=53 (full 0):
 garbage-first heap   total 307200K, used 246052K [0x0000000700000000, 0x0000000800000000)
  region size 2048K, 62 young (126976K), 8 survivors (16384K)
 Metaspace       used 107440K, committed 108544K, reserved 983040K
  class space    used 15072K, committed 15552K, reserved 851968K
}
Event: 39.635 GC heap after
{Heap after GC invocations=54 (full 0):
 garbage-first heap   total 307200K, used 145499K [0x0000000700000000, 0x0000000800000000)
  region size 2048K, 5 young (10240K), 5 survivors (10240K)
 Metaspace       used 107440K, committed 108544K, reserved 983040K
  class space    used 15072K, committed 15552K, reserved 851968K
}
Event: 41.089 GC heap before
{Heap before GC invocations=54 (full 0):
 garbage-first heap   total 307200K, used 249947K [0x0000000700000000, 0x0000000800000000)
  region size 2048K, 56 young (114688K), 5 survivors (10240K)
 Metaspace       used 107964K, committed 109120K, reserved 983040K
  class space    used 15138K, committed 15680K, reserved 851968K
}
Event: 41.100 GC heap after
{Heap after GC invocations=55 (full 0):
 garbage-first heap   total 307200K, used 159787K [0x0000000700000000, 0x0000000800000000)
  region size 2048K, 7 young (14336K), 7 survivors (14336K)
 Metaspace       used 107964K, committed 109120K, reserved 983040K
  class space    used 15138K, committed 15680K, reserved 851968K
}
Event: 42.349 GC heap before
{Heap before GC invocations=55 (full 0):
 garbage-first heap   total 307200K, used 245803K [0x0000000700000000, 0x0000000800000000)
  region size 2048K, 50 young (102400K), 7 survivors (14336K)
 Metaspace       used 108857K, committed 110208K, reserved 983040K
  class space    used 15276K, committed 15936K, reserved 851968K
}
Event: 42.360 GC heap after
{Heap after GC invocations=56 (full 0):
 garbage-first heap   total 307200K, used 164899K [0x0000000700000000, 0x0000000800000000)
  region size 2048K, 4 young (8192K), 4 survivors (8192K)
 Metaspace       used 108857K, committed 110208K, reserved 983040K
  class space    used 15276K, committed 15936K, reserved 851968K
}
Event: 43.802 GC heap before
{Heap before GC invocations=56 (full 0):
 garbage-first heap   total 307200K, used 248867K [0x0000000700000000, 0x0000000800000000)
  region size 2048K, 45 young (92160K), 4 survivors (8192K)
 Metaspace       used 109446K, committed 110784K, reserved 983040K
  class space    used 15351K, committed 16000K, reserved 851968K
}
Event: 43.813 GC heap after
{Heap after GC invocations=57 (full 0):
 garbage-first heap   total 307200K, used 172539K [0x0000000700000000, 0x0000000800000000)
  region size 2048K, 5 young (10240K), 5 survivors (10240K)
 Metaspace       used 109446K, committed 110784K, reserved 983040K
  class space    used 15351K, committed 16000K, reserved 851968K
}
Event: 44.180 GC heap before
{Heap before GC invocations=57 (full 0):
 garbage-first heap   total 307200K, used 246267K [0x0000000700000000, 0x0000000800000000)
  region size 2048K, 42 young (86016K), 5 survivors (10240K)
 Metaspace       used 109447K, committed 110784K, reserved 983040K
  class space    used 15352K, committed 16000K, reserved 851968K
}
Event: 44.188 GC heap after
{Heap after GC invocations=58 (full 0):
 garbage-first heap   total 307200K, used 174557K [0x0000000700000000, 0x0000000800000000)
  region size 2048K, 2 young (4096K), 2 survivors (4096K)
 Metaspace       used 109447K, committed 110784K, reserved 983040K
  class space    used 15352K, committed 16000K, reserved 851968K
}
Event: 45.545 GC heap before
{Heap before GC invocations=58 (full 0):
 garbage-first heap   total 307200K, used 250333K [0x0000000700000000, 0x0000000800000000)
  region size 2048K, 40 young (81920K), 2 survivors (4096K)
 Metaspace       used 110940K, committed 112320K, reserved 983040K
  class space    used 15494K, committed 16128K, reserved 851968K
}
Event: 45.554 GC heap after
{Heap after GC invocations=59 (full 0):
 garbage-first heap   total 307200K, used 185068K [0x0000000700000000, 0x0000000800000000)
  region size 2048K, 5 young (10240K), 5 survivors (10240K)
 Metaspace       used 110940K, committed 112320K, reserved 983040K
  class space    used 15494K, committed 16128K, reserved 851968K
}
Event: 45.887 GC heap before
{Heap before GC invocations=59 (full 0):
 garbage-first heap   total 307200K, used 246508K [0x0000000700000000, 0x0000000800000000)
  region size 2048K, 36 young (73728K), 5 survivors (10240K)
 Metaspace       used 110940K, committed 112320K, reserved 983040K
  class space    used 15494K, committed 16128K, reserved 851968K
}
Event: 45.896 GC heap after
{Heap after GC invocations=60 (full 0):
 garbage-first heap   total 307200K, used 187736K [0x0000000700000000, 0x0000000800000000)
  region size 2048K, 3 young (6144K), 3 survivors (6144K)
 Metaspace       used 110940K, committed 112320K, reserved 983040K
  class space    used 15494K, committed 16128K, reserved 851968K
}
Event: 46.746 GC heap before
{Heap before GC invocations=60 (full 0):
 garbage-first heap   total 307200K, used 253272K [0x0000000700000000, 0x0000000800000000)
  region size 2048K, 34 young (69632K), 3 survivors (6144K)
 Metaspace       used 111184K, committed 112576K, reserved 983040K
  class space    used 15532K, committed 16192K, reserved 851968K
}
Event: 46.753 GC heap after
{Heap after GC invocations=61 (full 0):
 garbage-first heap   total 307200K, used 197715K [0x0000000700000000, 0x0000000800000000)
  region size 2048K, 5 young (10240K), 5 survivors (10240K)
 Metaspace       used 111184K, committed 112576K, reserved 983040K
  class space    used 15532K, committed 16192K, reserved 851968K
}

Deoptimization events (20 events):
Event: 45.405 Thread 0x000001f6ecfe5fb0 DEOPT PACKING pc=0x000001f69e790058 sp=0x00000077beff9620
Event: 45.405 Thread 0x000001f6ecfe5fb0 DEOPT UNPACKING pc=0x000001f69d8d23a3 sp=0x00000077beff9618 mode 2
Event: 45.405 Thread 0x000001f6ecfe5fb0 Uncommon trap: trap_request=0xffffffbe fr.pc=0x000001f69e790058 relative=0x0000000000001338
Event: 45.405 Thread 0x000001f6ecfe5fb0 Uncommon trap: reason=profile_predicate action=maybe_recompile pc=0x000001f69e790058 method=org.gradle.api.internal.attributes.DefaultImmutableAttributesFactory.concat(Lorg/gradle/api/internal/attributes/ImmutableAttributes;Lorg/gradle/api/internal/attrib
Event: 45.405 Thread 0x000001f6ecfe5fb0 DEOPT PACKING pc=0x000001f69e790058 sp=0x00000077beff8e30
Event: 45.405 Thread 0x000001f6ecfe5fb0 DEOPT UNPACKING pc=0x000001f69d8d23a3 sp=0x00000077beff8e28 mode 2
Event: 45.405 Thread 0x000001f6ecfe5fb0 Uncommon trap: trap_request=0xffffffbe fr.pc=0x000001f69e790058 relative=0x0000000000001338
Event: 45.405 Thread 0x000001f6ecfe5fb0 Uncommon trap: reason=profile_predicate action=maybe_recompile pc=0x000001f69e790058 method=org.gradle.api.internal.attributes.DefaultImmutableAttributesFactory.concat(Lorg/gradle/api/internal/attributes/ImmutableAttributes;Lorg/gradle/api/internal/attrib
Event: 45.405 Thread 0x000001f6ecfe5fb0 DEOPT PACKING pc=0x000001f69e790058 sp=0x00000077beff8e30
Event: 45.405 Thread 0x000001f6ecfe5fb0 DEOPT UNPACKING pc=0x000001f69d8d23a3 sp=0x00000077beff8e28 mode 2
Event: 45.702 Thread 0x000001f6ecfe5fb0 DEOPT PACKING pc=0x000001f697e95c78 sp=0x00000077beff6f30
Event: 45.702 Thread 0x000001f6ecfe5fb0 DEOPT UNPACKING pc=0x000001f69d8d2b43 sp=0x00000077beff65e8 mode 0
Event: 46.245 Thread 0x000001f6ecfe5fb0 DEOPT PACKING pc=0x000001f6971e26ec sp=0x00000077beff93a0
Event: 46.245 Thread 0x000001f6ecfe5fb0 DEOPT UNPACKING pc=0x000001f69d8d2b43 sp=0x00000077beff8888 mode 0
Event: 47.187 Thread 0x000001f6ecfe5fb0 DEOPT PACKING pc=0x000001f6979bdfbf sp=0x00000077beff8c20
Event: 47.187 Thread 0x000001f6ecfe5fb0 DEOPT UNPACKING pc=0x000001f69d8d2b43 sp=0x00000077beff8170 mode 0
Event: 47.382 Thread 0x000001f6ecfe5fb0 Uncommon trap: trap_request=0xffffff76 fr.pc=0x000001f69e847768 relative=0x00000000000003a8
Event: 47.382 Thread 0x000001f6ecfe5fb0 Uncommon trap: reason=predicate action=maybe_recompile pc=0x000001f69e847768 method=java.util.AbstractCollection.toArray([Ljava/lang/Object;)[Ljava/lang/Object; @ 43 c2
Event: 47.382 Thread 0x000001f6ecfe5fb0 DEOPT PACKING pc=0x000001f69e847768 sp=0x00000077beff8a10
Event: 47.383 Thread 0x000001f6ecfe5fb0 DEOPT UNPACKING pc=0x000001f69d8d23a3 sp=0x00000077beff89b8 mode 2

Classes unloaded (0 events):
No events

Classes redefined (0 events):
No events

Internal exceptions (20 events):
Event: 46.899 Thread 0x000001f6ecfe5fb0 Exception <a 'java/lang/ClassNotFoundException'{0x00000007111d2f30}: build_f1byjmy4dv10kwk1v7jnhf1ikBeanInfo> (0x00000007111d2f30) 
thrown [s\open\src\hotspot\share\classfile\systemDictionary.cpp, line 256]
Event: 46.900 Thread 0x000001f6ecfe5fb0 Exception <a 'java/lang/ClassNotFoundException'{0x00000007111da068}: build_f1byjmy4dv10kwk1v7jnhf1ikCustomizer> (0x00000007111da068) 
thrown [s\open\src\hotspot\share\classfile\systemDictionary.cpp, line 256]
Event: 47.084 Thread 0x000001f6ecfe5fb0 Exception <a 'java/lang/ClassNotFoundException'{0x0000000710b7b8c8}: build_f1byjmy4dv10kwk1v7jnhf1ik$_run_closure1BeanInfo> (0x0000000710b7b8c8) 
thrown [s\open\src\hotspot\share\classfile\systemDictionary.cpp, line 256]
Event: 47.085 Thread 0x000001f6ecfe5fb0 Exception <a 'java/lang/ClassNotFoundException'{0x0000000710b88d40}: build_f1byjmy4dv10kwk1v7jnhf1ik$_run_closure1Customizer> (0x0000000710b88d40) 
thrown [s\open\src\hotspot\share\classfile\systemDictionary.cpp, line 256]
Event: 47.185 Thread 0x000001f6ecfe5fb0 Exception <a 'java/lang/ClassNotFoundException'{0x00000007106f6610}: build_5gg8fdt0433dtflf8urg1cvn9BeanInfo> (0x00000007106f6610) 
thrown [s\open\src\hotspot\share\classfile\systemDictionary.cpp, line 256]
Event: 47.186 Thread 0x000001f6ecfe5fb0 Exception <a 'java/lang/ClassNotFoundException'{0x00000007106fd7b0}: build_5gg8fdt0433dtflf8urg1cvn9Customizer> (0x00000007106fd7b0) 
thrown [s\open\src\hotspot\share\classfile\systemDictionary.cpp, line 256]
Event: 47.227 Thread 0x000001f6ecfe5fb0 Exception <a 'java/lang/ClassNotFoundException'{0x0000000710474e40}: build_5gg8fdt0433dtflf8urg1cvn9BeanInfo> (0x0000000710474e40) 
thrown [s\open\src\hotspot\share\classfile\systemDictionary.cpp, line 256]
Event: 47.227 Thread 0x000001f6ecfe5fb0 Exception <a 'java/lang/ClassNotFoundException'{0x000000071047bf78}: build_5gg8fdt0433dtflf8urg1cvn9Customizer> (0x000000071047bf78) 
thrown [s\open\src\hotspot\share\classfile\systemDictionary.cpp, line 256]
Event: 47.282 Thread 0x000001f6ecfe5fb0 Exception <a 'java/lang/ClassNotFoundException'{0x00000007102c4b48}: build_5gg8fdt0433dtflf8urg1cvn9$_run_closure1BeanInfo> (0x00000007102c4b48) 
thrown [s\open\src\hotspot\share\classfile\systemDictionary.cpp, line 256]
Event: 47.283 Thread 0x000001f6ecfe5fb0 Exception <a 'java/lang/ClassNotFoundException'{0x00000007102d0448}: build_5gg8fdt0433dtflf8urg1cvn9$_run_closure1Customizer> (0x00000007102d0448) 
thrown [s\open\src\hotspot\share\classfile\systemDictionary.cpp, line 256]
Event: 47.381 Thread 0x000001f6ecfe5fb0 Exception <a 'java/lang/ClassNotFoundException'{0x000000070fe49750}: build_17v9yc0xc2tzyzht3itohka59BeanInfo> (0x000000070fe49750) 
thrown [s\open\src\hotspot\share\classfile\systemDictionary.cpp, line 256]
Event: 47.382 Thread 0x000001f6ecfe5fb0 Exception <a 'java/lang/ClassNotFoundException'{0x000000070fe508f0}: build_17v9yc0xc2tzyzht3itohka59Customizer> (0x000000070fe508f0) 
thrown [s\open\src\hotspot\share\classfile\systemDictionary.cpp, line 256]
Event: 47.411 Thread 0x000001f6ecfe5fb0 Exception <a 'java/lang/ClassNotFoundException'{0x000000070ffa83e8}: build_17v9yc0xc2tzyzht3itohka59BeanInfo> (0x000000070ffa83e8) 
thrown [s\open\src\hotspot\share\classfile\systemDictionary.cpp, line 256]
Event: 47.411 Thread 0x000001f6ecfe5fb0 Exception <a 'java/lang/ClassNotFoundException'{0x000000070ffaf830}: build_17v9yc0xc2tzyzht3itohka59Customizer> (0x000000070ffaf830) 
thrown [s\open\src\hotspot\share\classfile\systemDictionary.cpp, line 256]
Event: 47.476 Thread 0x000001f6ecfe5fb0 Exception <a 'java/lang/ClassNotFoundException'{0x000000070fd6ea48}: build_17v9yc0xc2tzyzht3itohka59$_run_closure1BeanInfo> (0x000000070fd6ea48) 
thrown [s\open\src\hotspot\share\classfile\systemDictionary.cpp, line 256]
Event: 47.478 Thread 0x000001f6ecfe5fb0 Exception <a 'java/lang/ClassNotFoundException'{0x000000070fd7a348}: build_17v9yc0xc2tzyzht3itohka59$_run_closure1Customizer> (0x000000070fd7a348) 
thrown [s\open\src\hotspot\share\classfile\systemDictionary.cpp, line 256]
Event: 47.563 Thread 0x000001f6ecfe5fb0 Exception <a 'java/lang/ClassNotFoundException'{0x000000070f61c9a8}: java/lang/ProcessImplBeanInfo> (0x000000070f61c9a8) 
thrown [s\open\src\hotspot\share\classfile\systemDictionary.cpp, line 256]
Event: 47.564 Thread 0x000001f6ecfe5fb0 Exception <a 'java/lang/ClassNotFoundException'{0x000000070f6269d0}: java/lang/ProcessBeanInfo> (0x000000070f6269d0) 
thrown [s\open\src\hotspot\share\classfile\systemDictionary.cpp, line 256]
Event: 47.565 Thread 0x000001f6ecfe5fb0 Exception <a 'java/lang/ClassNotFoundException'{0x000000070f6309c8}: java/lang/ProcessCustomizer> (0x000000070f6309c8) 
thrown [s\open\src\hotspot\share\classfile\systemDictionary.cpp, line 256]
Event: 47.567 Thread 0x000001f6ecfe5fb0 Exception <a 'java/lang/ClassNotFoundException'{0x000000070f647560}: java/lang/ProcessImplCustomizer> (0x000000070f647560) 
thrown [s\open\src\hotspot\share\classfile\systemDictionary.cpp, line 256]

VM Operations (20 events):
Event: 42.360 Executing VM operation: G1CollectForAllocation done
Event: 43.264 Executing VM operation: ICBufferFull
Event: 43.265 Executing VM operation: ICBufferFull done
Event: 43.802 Executing VM operation: G1CollectForAllocation
Event: 43.813 Executing VM operation: G1CollectForAllocation done
Event: 44.180 Executing VM operation: G1CollectForAllocation
Event: 44.188 Executing VM operation: G1CollectForAllocation done
Event: 44.933 Executing VM operation: HandshakeAllThreads
Event: 44.934 Executing VM operation: HandshakeAllThreads done
Event: 45.377 Executing VM operation: ICBufferFull
Event: 45.377 Executing VM operation: ICBufferFull done
Event: 45.545 Executing VM operation: G1CollectForAllocation
Event: 45.554 Executing VM operation: G1CollectForAllocation done
Event: 45.887 Executing VM operation: G1CollectForAllocation
Event: 45.896 Executing VM operation: G1CollectForAllocation done
Event: 46.745 Executing VM operation: G1CollectForAllocation
Event: 46.754 Executing VM operation: G1CollectForAllocation done
Event: 47.538 Executing VM operation: HandshakeAllThreads
Event: 47.539 Executing VM operation: HandshakeAllThreads done
Event: 48.552 Executing VM operation: Cleanup

Events (20 events):
Event: 46.223 loading class java/util/PropertiesCustomizer
Event: 46.223 loading class java/util/PropertiesCustomizer done
Event: 47.548 loading class jdk/internal/reflect/UnsafeStaticBooleanFieldAccessorImpl
Event: 47.549 loading class jdk/internal/reflect/UnsafeStaticBooleanFieldAccessorImpl done
Event: 47.562 loading class java/lang/ProcessImplBeanInfo
Event: 47.562 loading class java/lang/ProcessImplBeanInfo done
Event: 47.563 loading class java/lang/ProcessImplBeanInfo
Event: 47.563 loading class java/lang/ProcessImplBeanInfo done
Event: 47.563 loading class java/lang/ProcessBeanInfo
Event: 47.563 loading class java/lang/ProcessBeanInfo done
Event: 47.564 loading class java/lang/ProcessBeanInfo
Event: 47.564 loading class java/lang/ProcessBeanInfo done
Event: 47.564 loading class java/lang/ProcessCustomizer
Event: 47.564 loading class java/lang/ProcessCustomizer done
Event: 47.565 loading class java/lang/ProcessCustomizer
Event: 47.565 loading class java/lang/ProcessCustomizer done
Event: 47.566 loading class java/lang/ProcessImplCustomizer
Event: 47.566 loading class java/lang/ProcessImplCustomizer done
Event: 47.567 loading class java/lang/ProcessImplCustomizer
Event: 47.567 loading class java/lang/ProcessImplCustomizer done


Dynamic libraries:
0x00007ff754c50000 - 0x00007ff754c60000 	C:\Program Files\Java\jdk-17\bin\java.exe
0x00007ffe90f60000 - 0x00007ffe911c8000 	C:\WINDOWS\SYSTEM32\ntdll.dll
0x00007ffe8f430000 - 0x00007ffe8f4f9000 	C:\WINDOWS\System32\KERNEL32.DLL
0x00007ffe8e910000 - 0x00007ffe8ecfd000 	C:\WINDOWS\System32\KERNELBASE.dll
0x00007ffe8e640000 - 0x00007ffe8e78b000 	C:\WINDOWS\System32\ucrtbase.dll
0x00007ffe5bb30000 - 0x00007ffe5bb49000 	C:\Program Files\Java\jdk-17\bin\jli.dll
0x00007ffe901b0000 - 0x00007ffe90264000 	C:\WINDOWS\System32\ADVAPI32.dll
0x00007ffe5bb50000 - 0x00007ffe5bb6b000 	C:\Program Files\Java\jdk-17\bin\VCRUNTIME140.dll
0x00007ffe8f8a0000 - 0x00007ffe8f949000 	C:\WINDOWS\System32\msvcrt.dll
0x00007ffe8ef40000 - 0x00007ffe8efe6000 	C:\WINDOWS\System32\sechost.dll
0x00007ffe90090000 - 0x00007ffe901a8000 	C:\WINDOWS\System32\RPCRT4.dll
0x00007ffe8f950000 - 0x00007ffe8fb1c000 	C:\WINDOWS\System32\USER32.dll
0x00007ffe8e390000 - 0x00007ffe8e3b7000 	C:\WINDOWS\System32\win32u.dll
0x00007ffe744a0000 - 0x00007ffe7473a000 	C:\WINDOWS\WinSxS\amd64_microsoft.windows.common-controls_6595b64144ccf1df_6.0.26100.4484_none_3e0e6d4ce32ef3b3\COMCTL32.dll
0x00007ffe8fc50000 - 0x00007ffe8fc7b000 	C:\WINDOWS\System32\GDI32.dll
0x00007ffe8e3c0000 - 0x00007ffe8e4f7000 	C:\WINDOWS\System32\gdi32full.dll
0x00007ffe8e500000 - 0x00007ffe8e5a3000 	C:\WINDOWS\System32\msvcp_win.dll
0x00007ffe86cf0000 - 0x00007ffe86cfb000 	C:\WINDOWS\SYSTEM32\VERSION.dll
0x00007ffe90280000 - 0x00007ffe902af000 	C:\WINDOWS\System32\IMM32.DLL
0x00007ffe5ba80000 - 0x00007ffe5ba8c000 	C:\Program Files\Java\jdk-17\bin\vcruntime140_1.dll
0x00007ffe4f700000 - 0x00007ffe4f78e000 	C:\Program Files\Java\jdk-17\bin\msvcp140.dll
0x00007ffe26c30000 - 0x00007ffe27810000 	C:\Program Files\Java\jdk-17\bin\server\jvm.dll
0x00007ffe8ef30000 - 0x00007ffe8ef38000 	C:\WINDOWS\System32\PSAPI.DLL
0x00007ffe86cb0000 - 0x00007ffe86ce5000 	C:\WINDOWS\SYSTEM32\WINMM.dll
0x00007ffe5ba70000 - 0x00007ffe5ba7a000 	C:\WINDOWS\SYSTEM32\WSOCK32.dll
0x00007ffe90ea0000 - 0x00007ffe90f14000 	C:\WINDOWS\System32\WS2_32.dll
0x00007ffe8ce50000 - 0x00007ffe8ce6b000 	C:\WINDOWS\SYSTEM32\kernel.appcore.dll
0x00007ffe52fc0000 - 0x00007ffe52fca000 	C:\Program Files\Java\jdk-17\bin\jimage.dll
0x00007ffe81d50000 - 0x00007ffe81f91000 	C:\WINDOWS\SYSTEM32\DBGHELP.DLL
0x00007ffe8fc80000 - 0x00007ffe90006000 	C:\WINDOWS\System32\combase.dll
0x00007ffe8f740000 - 0x00007ffe8f820000 	C:\WINDOWS\System32\OLEAUT32.dll
0x00007ffe73d40000 - 0x00007ffe73d83000 	C:\WINDOWS\SYSTEM32\dbgcore.DLL
0x00007ffe8e2f0000 - 0x00007ffe8e389000 	C:\WINDOWS\System32\bcryptPrimitives.dll
0x00007ffe88e80000 - 0x00007ffe88e8e000 	C:\Program Files\Java\jdk-17\bin\instrument.dll
0x00007ffe51080000 - 0x00007ffe510a5000 	C:\Program Files\Java\jdk-17\bin\java.dll
0x00007ffe49570000 - 0x00007ffe49647000 	C:\Program Files\Java\jdk-17\bin\jsvml.dll
0x00007ffe90750000 - 0x00007ffe90e9a000 	C:\WINDOWS\System32\SHELL32.dll
0x00007ffe8e790000 - 0x00007ffe8e904000 	C:\WINDOWS\System32\wintypes.dll
0x00007ffe8bcf0000 - 0x00007ffe8c54b000 	C:\WINDOWS\SYSTEM32\windows.storage.dll
0x00007ffe8fb20000 - 0x00007ffe8fc15000 	C:\WINDOWS\System32\SHCORE.dll
0x00007ffe8f830000 - 0x00007ffe8f89a000 	C:\WINDOWS\System32\shlwapi.dll
0x00007ffe8dfc0000 - 0x00007ffe8dfef000 	C:\WINDOWS\SYSTEM32\profapi.dll
0x00007ffe4b210000 - 0x00007ffe4b228000 	C:\Program Files\Java\jdk-17\bin\zip.dll
0x00007ffe4b310000 - 0x00007ffe4b329000 	C:\Program Files\Java\jdk-17\bin\net.dll
0x00007ffe86b30000 - 0x00007ffe86c4e000 	C:\WINDOWS\SYSTEM32\WINHTTP.dll
0x00007ffe8d3e0000 - 0x00007ffe8d44a000 	C:\WINDOWS\system32\mswsock.dll
0x00007ffe4b2f0000 - 0x00007ffe4b306000 	C:\Program Files\Java\jdk-17\bin\nio.dll
0x00007ffe4f6f0000 - 0x00007ffe4f700000 	C:\Program Files\Java\jdk-17\bin\verify.dll
0x00007ffe528f0000 - 0x00007ffe52917000 	C:\Users\pande\.gradle\native\c067742578af261105cb4f569cf0c3c89f3d7b1fecec35dd04571415982c5e48\windows-amd64\native-platform.dll
0x00007ffe20b10000 - 0x00007ffe20c54000 	C:\Users\pande\.gradle\native\100fb08df4bc3b14c8652ba06237920a3bd2aa13389f12d3474272988ae205f9\windows-amd64\native-platform-file-events.dll
0x00007ffe4b1c0000 - 0x00007ffe4b1ca000 	C:\Program Files\Java\jdk-17\bin\management.dll
0x00007ffe4b1b0000 - 0x00007ffe4b1bb000 	C:\Program Files\Java\jdk-17\bin\management_ext.dll
0x00007ffe8d690000 - 0x00007ffe8d6ab000 	C:\WINDOWS\SYSTEM32\CRYPTSP.dll
0x00007ffe8cdb0000 - 0x00007ffe8cdeb000 	C:\WINDOWS\system32\rsaenh.dll
0x00007ffe8d480000 - 0x00007ffe8d4ab000 	C:\WINDOWS\SYSTEM32\USERENV.dll
0x00007ffe8df90000 - 0x00007ffe8dfb6000 	C:\WINDOWS\SYSTEM32\bcrypt.dll
0x00007ffe8d6b0000 - 0x00007ffe8d6bc000 	C:\WINDOWS\SYSTEM32\CRYPTBASE.dll
0x00007ffe8c860000 - 0x00007ffe8c893000 	C:\WINDOWS\SYSTEM32\IPHLPAPI.DLL
0x00007ffe90270000 - 0x00007ffe9027a000 	C:\WINDOWS\System32\NSI.dll
0x00007ffe87a00000 - 0x00007ffe87a1f000 	C:\WINDOWS\SYSTEM32\dhcpcsvc6.DLL
0x00007ffe879d0000 - 0x00007ffe879f5000 	C:\WINDOWS\SYSTEM32\dhcpcsvc.DLL
0x00007ffe8c8f0000 - 0x00007ffe8ca16000 	C:\WINDOWS\SYSTEM32\DNSAPI.dll
0x00007ffe78350000 - 0x00007ffe7835e000 	C:\Program Files\Java\jdk-17\bin\sunmscapi.dll
0x00007ffe8e0b0000 - 0x00007ffe8e227000 	C:\WINDOWS\System32\CRYPT32.dll
0x00007ffe8d8b0000 - 0x00007ffe8d8e0000 	C:\WINDOWS\SYSTEM32\ncrypt.dll
0x00007ffe8d860000 - 0x00007ffe8d89f000 	C:\WINDOWS\SYSTEM32\NTASN1.dll
0x00007ffe5c000000 - 0x00007ffe5c008000 	C:\WINDOWS\system32\wshunix.dll
0x00007ffe48f60000 - 0x00007ffe48f78000 	C:\WINDOWS\system32\napinsp.dll
0x00007ffe1c760000 - 0x00007ffe1c772000 	C:\WINDOWS\System32\winrnr.dll
0x00007ffe08700000 - 0x00007ffe08730000 	C:\WINDOWS\system32\nlansp_c.dll
0x00007ffe75e70000 - 0x00007ffe75e90000 	C:\WINDOWS\system32\wshbth.dll
0x00007ffe86880000 - 0x00007ffe8688b000 	C:\Windows\System32\rasadhlp.dll
0x00007ffe880e0000 - 0x00007ffe88166000 	C:\WINDOWS\System32\fwpuclnt.dll

dbghelp: loaded successfully - version: 4.0.5 - missing functions: none
symbol engine: initialized successfully - sym options: 0x614 - pdb path: .;C:\Program Files\Java\jdk-17\bin;C:\WINDOWS\SYSTEM32;C:\WINDOWS\WinSxS\amd64_microsoft.windows.common-controls_6595b64144ccf1df_6.0.26100.4484_none_3e0e6d4ce32ef3b3;C:\Program Files\Java\jdk-17\bin\server;C:\Users\pande\.gradle\native\c067742578af261105cb4f569cf0c3c89f3d7b1fecec35dd04571415982c5e48\windows-amd64;C:\Users\pande\.gradle\native\100fb08df4bc3b14c8652ba06237920a3bd2aa13389f12d3474272988ae205f9\windows-amd64

VM Arguments:
jvm_args: -XX:MaxMetaspaceSize=1g -XX:+HeapDumpOnOutOfMemoryError --add-opens=java.base/java.util=ALL-UNNAMED --add-opens=java.base/java.lang=ALL-UNNAMED --add-opens=java.base/java.lang.invoke=ALL-UNNAMED --add-opens=java.prefs/java.util.prefs=ALL-UNNAMED --add-exports=jdk.compiler/com.sun.tools.javac.api=ALL-UNNAMED --add-exports=jdk.compiler/com.sun.tools.javac.util=ALL-UNNAMED --add-opens=java.base/java.nio.charset=ALL-UNNAMED --add-opens=java.base/java.net=ALL-UNNAMED --add-opens=java.base/java.util.concurrent.atomic=ALL-UNNAMED -Xmx4g -Dfile.encoding=UTF-8 -Duser.country=IN -Duser.language=en -Duser.variant -javaagent:C:\Users\pande\.gradle\wrapper\dists\gradle-8.10.2-all\7iv73wktx1xtkvlq19urqw1wm\gradle-8.10.2\lib\agents\gradle-instrumentation-agent-8.10.2.jar 
java_command: org.gradle.launcher.daemon.bootstrap.GradleDaemon 8.10.2
java_class_path (initial): C:\Users\pande\.gradle\wrapper\dists\gradle-8.10.2-all\7iv73wktx1xtkvlq19urqw1wm\gradle-8.10.2\lib\gradle-daemon-main-8.10.2.jar
Launcher Type: SUN_STANDARD

[Global flags]
     intx CICompilerCount                          = 4                                         {product} {ergonomic}
   size_t CompressedClassSpaceSize                 = 872415232                                 {product} {ergonomic}
     uint ConcGCThreads                            = 3                                         {product} {ergonomic}
     uint G1ConcRefinementThreads                  = 10                                        {product} {ergonomic}
   size_t G1HeapRegionSize                         = 2097152                                   {product} {ergonomic}
    uintx GCDrainStackTargetSize                   = 64                                        {product} {ergonomic}
     bool HeapDumpOnOutOfMemoryError               = true                                   {manageable} {command line}
   size_t InitialHeapSize                          = 123731968                                 {product} {ergonomic}
   size_t MarkStackSize                            = 4194304                                   {product} {ergonomic}
   size_t MaxHeapSize                              = 4294967296                                {product} {command line}
   size_t MaxMetaspaceSize                         = 1073741824                                {product} {command line}
   size_t MaxNewSize                               = 2575302656                                {product} {ergonomic}
   size_t MinHeapDeltaBytes                        = 2097152                                   {product} {ergonomic}
   size_t MinHeapSize                              = 8388608                                   {product} {ergonomic}
    uintx NonNMethodCodeHeapSize                   = 5839372                                {pd product} {ergonomic}
    uintx NonProfiledCodeHeapSize                  = 122909434                              {pd product} {ergonomic}
    uintx ProfiledCodeHeapSize                     = 122909434                              {pd product} {ergonomic}
    uintx ReservedCodeCacheSize                    = 251658240                              {pd product} {ergonomic}
     bool SegmentedCodeCache                       = true                                      {product} {ergonomic}
   size_t SoftMaxHeapSize                          = 4294967296                             {manageable} {ergonomic}
     bool UseCompressedClassPointers               = true                           {product lp64_product} {ergonomic}
     bool UseCompressedOops                        = true                           {product lp64_product} {ergonomic}
     bool UseG1GC                                  = true                                      {product} {ergonomic}
     bool UseLargePagesIndividualAllocation        = false                                  {pd product} {ergonomic}

Logging:
Log output configuration:
 #0: stdout all=warning uptime,level,tags
 #1: stderr all=off uptime,level,tags

Environment Variables:
CLASSPATH=C:\Users\pande\vedaz\vedaz_reactapp\android\\gradle\wrapper\gradle-wrapper.jar
PATH=C:\Program Files\Common Files\Oracle\Java\javapath;C:\WINDOWS\system32;C:\WINDOWS;C:\WINDOWS\System32\Wbem;C:\WINDOWS\System32\WindowsPowerShell\v1.0\;C:\WINDOWS\System32\OpenSSH\;C:\Program Files\Git\cmd;C:\Program Files\nodejs\;C:\Users\pande\AppData\Local\Android\Sdk\platform-tools;C:\Users\pande\AppData\Local\Android\Sdk\emulator;C:\Users\pande\AppData\Local\Android\Sdk\cmdline-tools\latest\bin;C:\Users\pande\AppData\Local\Programs\Python\Python313\Scripts\;C:\Users\pande\AppData\Local\Programs\Python\Python313\;C:\Users\pande\AppData\Local\Programs\Python\Launcher\;C:\Users\pande\AppData\Local\Microsoft\WindowsApps;C:\Users\pande\AppData\Local\Programs\Microsoft VS Code\bin;C:\Users\pande\AppData\Roaming\npm
USERNAME=pande
OS=Windows_NT
PROCESSOR_IDENTIFIER=AMD64 Family 23 Model 104 Stepping 1, AuthenticAMD



---------------  S Y S T E M  ---------------

OS:
 Windows 11 , 64 bit Build 26100 (10.0.26100.4484)
OS uptime: 0 days 2:05 hours
Hyper-V role detected

CPU: total 12 (initial active 12) (12 cores per cpu, 2 threads per core) family 23 model 104 stepping 1 microcode 0x8608107, cx8, cmov, fxsr, ht, mmx, 3dnowpref, sse, sse2, sse3, ssse3, sse4a, sse4.1, sse4.2, popcnt, lzcnt, tsc, tscinvbit, avx, avx2, aes, clmul, bmi1, bmi2, adx, sha, fma, vzeroupper, clflush, clflushopt, hv

Memory: 4k page, system-wide physical 7501M (629M free)
TotalPageFile size 23885M (AvailPageFile size 16M)
current process WorkingSet (physical memory assigned to process): 611M, peak: 621M
current process commit charge ("private bytes"): 693M, peak: 694M

vm_info: Java HotSpot(TM) 64-Bit Server VM (17.0.12+8-LTS-286) for windows-amd64 JRE (17.0.12+8-LTS-286), built on Jun  5 2024 06:46:59 by "mach5one" with MS VC++ 17.6 (VS2022)

END.
